{"/Users/dduraipandian/apps/mdnotes/frontend/src/lib/debounce.ts": {"path":"/Users/dduraipandian/apps/mdnotes/frontend/src/lib/debounce.ts","all":false,"statementMap":{"4":{"start":{"line":5,"column":0},"end":{"line":5,"column":29}},"5":{"start":{"line":6,"column":0},"end":{"line":6,"column":99}},"11":{"start":{"line":12,"column":0},"end":{"line":12,"column":55}},"12":{"start":{"line":13,"column":0},"end":{"line":13,"column":19}},"13":{"start":{"line":14,"column":0},"end":{"line":14,"column":34}},"14":{"start":{"line":15,"column":0},"end":{"line":15,"column":21}},"15":{"start":{"line":16,"column":0},"end":{"line":16,"column":12}},"16":{"start":{"line":17,"column":0},"end":{"line":17,"column":38}},"17":{"start":{"line":18,"column":0},"end":{"line":18,"column":2}},"22":{"start":{"line":23,"column":0},"end":{"line":23,"column":21}},"23":{"start":{"line":24,"column":0},"end":{"line":24,"column":39}},"24":{"start":{"line":25,"column":0},"end":{"line":25,"column":16}},"25":{"start":{"line":26,"column":0},"end":{"line":26,"column":21}},"26":{"start":{"line":27,"column":0},"end":{"line":27,"column":3}},"27":{"start":{"line":28,"column":0},"end":{"line":28,"column":2}},"32":{"start":{"line":33,"column":0},"end":{"line":33,"column":13}},"33":{"start":{"line":34,"column":0},"end":{"line":34,"column":46}},"34":{"start":{"line":35,"column":0},"end":{"line":35,"column":41}},"35":{"start":{"line":36,"column":0},"end":{"line":36,"column":2}},"40":{"start":{"line":41,"column":0},"end":{"line":41,"column":22}},"41":{"start":{"line":42,"column":0},"end":{"line":42,"column":39}},"42":{"start":{"line":43,"column":0},"end":{"line":43,"column":16}},"43":{"start":{"line":44,"column":0},"end":{"line":44,"column":31}},"44":{"start":{"line":45,"column":0},"end":{"line":45,"column":27}},"45":{"start":{"line":46,"column":0},"end":{"line":46,"column":3}},"46":{"start":{"line":47,"column":0},"end":{"line":47,"column":2}},"48":{"start":{"line":49,"column":0},"end":{"line":49,"column":31}},"49":{"start":{"line":50,"column":0},"end":{"line":50,"column":39}},"50":{"start":{"line":51,"column":0},"end":{"line":51,"column":16}},"51":{"start":{"line":52,"column":0},"end":{"line":52,"column":31}},"52":{"start":{"line":53,"column":0},"end":{"line":53,"column":27}},"53":{"start":{"line":54,"column":0},"end":{"line":54,"column":16}},"54":{"start":{"line":55,"column":0},"end":{"line":55,"column":3}},"55":{"start":{"line":56,"column":0},"end":{"line":56,"column":2}},"56":{"start":{"line":57,"column":0},"end":{"line":57,"column":1}}},"s":{"4":1,"5":16,"11":16,"12":15,"13":15,"14":5,"15":15,"16":15,"17":15,"22":16,"23":13,"24":13,"25":4,"26":4,"27":13,"32":16,"33":1,"34":1,"35":1,"40":16,"41":56,"42":56,"43":3,"44":3,"45":3,"46":56,"48":16,"49":9,"50":9,"51":9,"52":9,"53":9,"54":9,"55":9,"56":16},"branchMap":{"0":{"type":"branch","line":5,"loc":{"start":{"line":5,"column":7},"end":{"line":57,"column":1}},"locations":[{"start":{"line":5,"column":7},"end":{"line":57,"column":1}}]},"1":{"type":"branch","line":12,"loc":{"start":{"line":12,"column":1},"end":{"line":18,"column":2}},"locations":[{"start":{"line":12,"column":1},"end":{"line":18,"column":2}}]},"2":{"type":"branch","line":14,"loc":{"start":{"line":14,"column":27},"end":{"line":16,"column":5}},"locations":[{"start":{"line":14,"column":27},"end":{"line":16,"column":5}}]},"3":{"type":"branch","line":23,"loc":{"start":{"line":23,"column":1},"end":{"line":28,"column":2}},"locations":[{"start":{"line":23,"column":1},"end":{"line":28,"column":2}}]},"4":{"type":"branch","line":25,"loc":{"start":{"line":25,"column":15},"end":{"line":27,"column":3}},"locations":[{"start":{"line":25,"column":15},"end":{"line":27,"column":3}}]},"5":{"type":"branch","line":33,"loc":{"start":{"line":33,"column":1},"end":{"line":36,"column":2}},"locations":[{"start":{"line":33,"column":1},"end":{"line":36,"column":2}}]},"6":{"type":"branch","line":35,"loc":{"start":{"line":35,"column":15},"end":{"line":35,"column":39}},"locations":[{"start":{"line":35,"column":15},"end":{"line":35,"column":39}}]},"7":{"type":"branch","line":41,"loc":{"start":{"line":41,"column":1},"end":{"line":47,"column":2}},"locations":[{"start":{"line":41,"column":1},"end":{"line":47,"column":2}}]},"8":{"type":"branch","line":43,"loc":{"start":{"line":43,"column":15},"end":{"line":46,"column":3}},"locations":[{"start":{"line":43,"column":15},"end":{"line":46,"column":3}}]},"9":{"type":"branch","line":49,"loc":{"start":{"line":49,"column":9},"end":{"line":56,"column":2}},"locations":[{"start":{"line":49,"column":9},"end":{"line":56,"column":2}}]}},"b":{"0":[16],"1":[15],"2":[5],"3":[13],"4":[4],"5":[1],"6":[2],"7":[56],"8":[3],"9":[9]},"fnMap":{"0":{"name":"<instance_members_initializer>","decl":{"start":{"line":5,"column":7},"end":{"line":57,"column":1}},"loc":{"start":{"line":5,"column":7},"end":{"line":57,"column":1}},"line":5},"1":{"name":"debounce","decl":{"start":{"line":12,"column":1},"end":{"line":18,"column":2}},"loc":{"start":{"line":12,"column":1},"end":{"line":18,"column":2}},"line":12},"2":{"name":"flush","decl":{"start":{"line":23,"column":1},"end":{"line":28,"column":2}},"loc":{"start":{"line":23,"column":1},"end":{"line":28,"column":2}},"line":23},"3":{"name":"flushAll","decl":{"start":{"line":33,"column":1},"end":{"line":36,"column":2}},"loc":{"start":{"line":33,"column":1},"end":{"line":36,"column":2}},"line":33},"4":{"name":"cancel","decl":{"start":{"line":41,"column":1},"end":{"line":47,"column":2}},"loc":{"start":{"line":41,"column":1},"end":{"line":47,"column":2}},"line":41},"5":{"name":"execute","decl":{"start":{"line":49,"column":9},"end":{"line":56,"column":2}},"loc":{"start":{"line":49,"column":9},"end":{"line":56,"column":2}},"line":49}},"f":{"0":16,"1":15,"2":13,"3":1,"4":56,"5":9}}
,"/Users/dduraipandian/apps/mdnotes/frontend/src/lib/index.ts": {"path":"/Users/dduraipandian/apps/mdnotes/frontend/src/lib/index.ts","all":true,"statementMap":{},"s":{},"branchMap":{"0":{"type":"branch","line":1,"loc":{"start":{"line":1,"column":74},"end":{"line":1,"column":74}},"locations":[{"start":{"line":1,"column":74},"end":{"line":1,"column":74}}]}},"b":{"0":[1]},"fnMap":{"0":{"name":"(empty-report)","decl":{"start":{"line":1,"column":74},"end":{"line":1,"column":74}},"loc":{"start":{"line":1,"column":74},"end":{"line":1,"column":74}},"line":1}},"f":{"0":1}}
,"/Users/dduraipandian/apps/mdnotes/frontend/src/lib/utils.ts": {"path":"/Users/dduraipandian/apps/mdnotes/frontend/src/lib/utils.ts","all":false,"statementMap":{"0":{"start":{"line":1,"column":0},"end":{"line":1,"column":45}},"1":{"start":{"line":2,"column":0},"end":{"line":2,"column":41}},"3":{"start":{"line":4,"column":0},"end":{"line":4,"column":45}},"4":{"start":{"line":5,"column":0},"end":{"line":5,"column":30}},"5":{"start":{"line":6,"column":0},"end":{"line":6,"column":1}},"7":{"start":{"line":8,"column":0},"end":{"line":8,"column":76}},"8":{"start":{"line":9,"column":0},"end":{"line":9,"column":32}},"9":{"start":{"line":10,"column":0},"end":{"line":10,"column":93}},"10":{"start":{"line":11,"column":0},"end":{"line":11,"column":34}},"11":{"start":{"line":12,"column":0},"end":{"line":12,"column":27}},"12":{"start":{"line":13,"column":0},"end":{"line":13,"column":24}},"13":{"start":{"line":14,"column":0},"end":{"line":14,"column":22}},"14":{"start":{"line":15,"column":0},"end":{"line":15,"column":13}},"16":{"start":{"line":17,"column":0},"end":{"line":17,"column":83}},"18":{"start":{"line":19,"column":0},"end":{"line":19,"column":36}},"19":{"start":{"line":20,"column":0},"end":{"line":20,"column":40}},"20":{"start":{"line":21,"column":0},"end":{"line":21,"column":82}},"21":{"start":{"line":22,"column":0},"end":{"line":22,"column":96}},"22":{"start":{"line":23,"column":0},"end":{"line":23,"column":1}},"24":{"start":{"line":25,"column":0},"end":{"line":25,"column":110}},"25":{"start":{"line":26,"column":0},"end":{"line":26,"column":44}},"27":{"start":{"line":28,"column":0},"end":{"line":28,"column":26}},"28":{"start":{"line":29,"column":0},"end":{"line":29,"column":40}},"29":{"start":{"line":30,"column":0},"end":{"line":30,"column":91}},"31":{"start":{"line":32,"column":0},"end":{"line":32,"column":30}},"32":{"start":{"line":33,"column":0},"end":{"line":33,"column":28}},"33":{"start":{"line":34,"column":0},"end":{"line":34,"column":3}},"34":{"start":{"line":35,"column":0},"end":{"line":35,"column":35}},"35":{"start":{"line":36,"column":0},"end":{"line":36,"column":4}},"37":{"start":{"line":38,"column":0},"end":{"line":38,"column":68}},"39":{"start":{"line":40,"column":0},"end":{"line":40,"column":38}},"40":{"start":{"line":41,"column":0},"end":{"line":41,"column":73}},"41":{"start":{"line":42,"column":0},"end":{"line":42,"column":57}},"42":{"start":{"line":43,"column":0},"end":{"line":43,"column":4}},"43":{"start":{"line":44,"column":0},"end":{"line":44,"column":1}}},"s":{"0":1,"1":1,"3":1,"4":140,"5":140,"7":1,"8":1,"9":1,"10":1,"11":1,"12":1,"13":1,"14":1,"16":1,"18":1,"19":1,"20":1,"21":1,"22":1,"24":1,"25":1,"27":1,"28":2,"29":2,"31":2,"32":1,"33":1,"34":2,"35":1,"37":1,"39":1,"40":1,"41":1,"42":1,"43":1},"branchMap":{"0":{"type":"branch","line":4,"loc":{"start":{"line":4,"column":7},"end":{"line":6,"column":1}},"locations":[{"start":{"line":4,"column":7},"end":{"line":6,"column":1}}]},"1":{"type":"branch","line":8,"loc":{"start":{"line":8,"column":7},"end":{"line":23,"column":1}},"locations":[{"start":{"line":8,"column":7},"end":{"line":23,"column":1}}]},"2":{"type":"branch","line":19,"loc":{"start":{"line":19,"column":21},"end":{"line":19,"column":36}},"locations":[{"start":{"line":19,"column":21},"end":{"line":19,"column":36}}]},"3":{"type":"branch","line":20,"loc":{"start":{"line":20,"column":21},"end":{"line":20,"column":40}},"locations":[{"start":{"line":20,"column":21},"end":{"line":20,"column":40}}]},"4":{"type":"branch","line":21,"loc":{"start":{"line":21,"column":19},"end":{"line":21,"column":82}},"locations":[{"start":{"line":21,"column":19},"end":{"line":21,"column":82}}]},"5":{"type":"branch","line":25,"loc":{"start":{"line":25,"column":7},"end":{"line":44,"column":1}},"locations":[{"start":{"line":25,"column":7},"end":{"line":44,"column":1}}]},"6":{"type":"branch","line":28,"loc":{"start":{"line":28,"column":15},"end":{"line":36,"column":2}},"locations":[{"start":{"line":28,"column":15},"end":{"line":36,"column":2}}]},"7":{"type":"branch","line":32,"loc":{"start":{"line":32,"column":29},"end":{"line":34,"column":3}},"locations":[{"start":{"line":32,"column":29},"end":{"line":34,"column":3}}]},"8":{"type":"branch","line":40,"loc":{"start":{"line":40,"column":23},"end":{"line":43,"column":2}},"locations":[{"start":{"line":40,"column":23},"end":{"line":43,"column":2}}]}},"b":{"0":[140],"1":[1],"2":[0],"3":[0],"4":[0],"5":[1],"6":[2],"7":[1],"8":[1]},"fnMap":{"0":{"name":"cn","decl":{"start":{"line":4,"column":7},"end":{"line":6,"column":1}},"loc":{"start":{"line":4,"column":7},"end":{"line":6,"column":1}},"line":4},"1":{"name":"formatDate","decl":{"start":{"line":8,"column":7},"end":{"line":23,"column":1}},"loc":{"start":{"line":8,"column":7},"end":{"line":23,"column":1}},"line":8},"2":{"name":"groupNotesByDate","decl":{"start":{"line":25,"column":7},"end":{"line":44,"column":1}},"loc":{"start":{"line":25,"column":7},"end":{"line":44,"column":1}},"line":25}},"f":{"0":140,"1":1,"2":1}}
,"/Users/dduraipandian/apps/mdnotes/frontend/src/lib/components/Folders.svelte": {"path":"/Users/dduraipandian/apps/mdnotes/frontend/src/lib/components/Folders.svelte","all":false,"statementMap":{"0":{"start":{"line":1,"column":0},"end":{"line":1,"column":18}},"10":{"start":{"line":11,"column":0},"end":{"line":11,"column":69}},"12":{"start":{"line":13,"column":0},"end":{"line":13,"column":67}},"13":{"start":{"line":14,"column":0},"end":{"line":14,"column":26}},"14":{"start":{"line":15,"column":0},"end":{"line":15,"column":45}},"15":{"start":{"line":16,"column":0},"end":{"line":16,"column":34}},"16":{"start":{"line":17,"column":0},"end":{"line":17,"column":32}},"17":{"start":{"line":18,"column":0},"end":{"line":18,"column":3}},"18":{"start":{"line":19,"column":0},"end":{"line":19,"column":2}},"20":{"start":{"line":21,"column":0},"end":{"line":21,"column":50}},"21":{"start":{"line":22,"column":0},"end":{"line":22,"column":15}},"22":{"start":{"line":23,"column":0},"end":{"line":23,"column":16}},"23":{"start":{"line":24,"column":0},"end":{"line":24,"column":2}},"24":{"start":{"line":25,"column":0},"end":{"line":25,"column":9}},"26":{"start":{"line":27,"column":0},"end":{"line":27,"column":78}},"27":{"start":{"line":28,"column":0},"end":{"line":28,"column":47}},"28":{"start":{"line":29,"column":0},"end":{"line":29,"column":17}},"29":{"start":{"line":30,"column":0},"end":{"line":30,"column":74}},"30":{"start":{"line":31,"column":0},"end":{"line":31,"column":30}},"31":{"start":{"line":32,"column":0},"end":{"line":32,"column":81}},"32":{"start":{"line":33,"column":0},"end":{"line":33,"column":40}},"37":{"start":{"line":38,"column":0},"end":{"line":38,"column":31}},"38":{"start":{"line":39,"column":0},"end":{"line":39,"column":73}},"39":{"start":{"line":40,"column":0},"end":{"line":40,"column":18}},"40":{"start":{"line":41,"column":0},"end":{"line":41,"column":23}},"41":{"start":{"line":42,"column":0},"end":{"line":42,"column":24}},"43":{"start":{"line":44,"column":0},"end":{"line":44,"column":42}},"46":{"start":{"line":47,"column":0},"end":{"line":47,"column":26}},"47":{"start":{"line":48,"column":0},"end":{"line":48,"column":19}},"48":{"start":{"line":49,"column":0},"end":{"line":49,"column":39}},"49":{"start":{"line":50,"column":0},"end":{"line":50,"column":42}},"57":{"start":{"line":58,"column":0},"end":{"line":58,"column":54}},"58":{"start":{"line":59,"column":0},"end":{"line":59,"column":16}},"59":{"start":{"line":60,"column":0},"end":{"line":60,"column":21}},"60":{"start":{"line":61,"column":0},"end":{"line":61,"column":23}},"62":{"start":{"line":63,"column":0},"end":{"line":63,"column":21}},"63":{"start":{"line":64,"column":0},"end":{"line":64,"column":29}},"64":{"start":{"line":65,"column":0},"end":{"line":65,"column":7}},"66":{"start":{"line":67,"column":0},"end":{"line":67,"column":89}},"74":{"start":{"line":75,"column":0},"end":{"line":75,"column":55}},"75":{"start":{"line":76,"column":0},"end":{"line":76,"column":50}},"76":{"start":{"line":77,"column":0},"end":{"line":77,"column":19}},"77":{"start":{"line":78,"column":0},"end":{"line":78,"column":23}},"78":{"start":{"line":79,"column":0},"end":{"line":79,"column":21}},"79":{"start":{"line":80,"column":0},"end":{"line":80,"column":21}},"80":{"start":{"line":81,"column":0},"end":{"line":81,"column":22}},"82":{"start":{"line":83,"column":0},"end":{"line":83,"column":26}},"83":{"start":{"line":84,"column":0},"end":{"line":84,"column":58}},"85":{"start":{"line":86,"column":0},"end":{"line":86,"column":27}},"86":{"start":{"line":87,"column":0},"end":{"line":87,"column":34}},"87":{"start":{"line":88,"column":0},"end":{"line":88,"column":52}},"90":{"start":{"line":91,"column":0},"end":{"line":91,"column":24}},"93":{"start":{"line":94,"column":0},"end":{"line":94,"column":25}},"95":{"start":{"line":96,"column":0},"end":{"line":96,"column":27}},"96":{"start":{"line":97,"column":0},"end":{"line":97,"column":51}},"97":{"start":{"line":98,"column":0},"end":{"line":98,"column":40}},"98":{"start":{"line":99,"column":0},"end":{"line":99,"column":43}},"104":{"start":{"line":105,"column":0},"end":{"line":105,"column":42}},"105":{"start":{"line":106,"column":0},"end":{"line":106,"column":94}},"106":{"start":{"line":107,"column":0},"end":{"line":107,"column":24}},"111":{"start":{"line":112,"column":0},"end":{"line":112,"column":45}},"115":{"start":{"line":116,"column":0},"end":{"line":116,"column":69}},"116":{"start":{"line":117,"column":0},"end":{"line":117,"column":28}},"117":{"start":{"line":118,"column":0},"end":{"line":118,"column":20}},"119":{"start":{"line":120,"column":0},"end":{"line":120,"column":19}},"120":{"start":{"line":121,"column":0},"end":{"line":121,"column":20}},"121":{"start":{"line":122,"column":0},"end":{"line":122,"column":43}},"122":{"start":{"line":123,"column":0},"end":{"line":123,"column":67}},"124":{"start":{"line":125,"column":0},"end":{"line":125,"column":12}},"125":{"start":{"line":126,"column":0},"end":{"line":126,"column":30}},"126":{"start":{"line":127,"column":0},"end":{"line":127,"column":19}},"127":{"start":{"line":128,"column":0},"end":{"line":128,"column":31}},"128":{"start":{"line":129,"column":0},"end":{"line":129,"column":33}},"129":{"start":{"line":130,"column":0},"end":{"line":130,"column":4}},"131":{"start":{"line":132,"column":0},"end":{"line":132,"column":70}},"133":{"start":{"line":134,"column":0},"end":{"line":134,"column":34}},"134":{"start":{"line":135,"column":0},"end":{"line":135,"column":16}},"135":{"start":{"line":136,"column":0},"end":{"line":136,"column":13}},"137":{"start":{"line":138,"column":0},"end":{"line":138,"column":75}},"138":{"start":{"line":139,"column":0},"end":{"line":139,"column":37}},"142":{"start":{"line":143,"column":0},"end":{"line":143,"column":55}},"145":{"start":{"line":146,"column":0},"end":{"line":146,"column":49}},"147":{"start":{"line":148,"column":0},"end":{"line":148,"column":24}},"148":{"start":{"line":149,"column":0},"end":{"line":149,"column":9}},"149":{"start":{"line":150,"column":0},"end":{"line":150,"column":27}},"152":{"start":{"line":153,"column":0},"end":{"line":153,"column":51}},"153":{"start":{"line":154,"column":0},"end":{"line":154,"column":60}},"154":{"start":{"line":155,"column":0},"end":{"line":155,"column":40}},"157":{"start":{"line":158,"column":0},"end":{"line":158,"column":83}},"158":{"start":{"line":159,"column":0},"end":{"line":159,"column":23}},"164":{"start":{"line":165,"column":0},"end":{"line":165,"column":63}},"165":{"start":{"line":166,"column":0},"end":{"line":166,"column":35}},"166":{"start":{"line":167,"column":0},"end":{"line":167,"column":45}},"167":{"start":{"line":168,"column":0},"end":{"line":168,"column":20}},"169":{"start":{"line":170,"column":0},"end":{"line":170,"column":19}},"170":{"start":{"line":171,"column":0},"end":{"line":171,"column":84}},"172":{"start":{"line":173,"column":0},"end":{"line":173,"column":30}},"174":{"start":{"line":175,"column":0},"end":{"line":175,"column":20}},"176":{"start":{"line":177,"column":0},"end":{"line":177,"column":32}},"177":{"start":{"line":178,"column":0},"end":{"line":178,"column":29}}},"s":{"0":4,"10":4,"12":4,"13":0,"14":0,"15":0,"16":0,"17":0,"18":0,"20":4,"21":1,"22":1,"23":1,"24":4,"26":1,"27":1,"28":1,"29":1,"30":1,"31":1,"32":1,"37":1,"38":1,"39":1,"40":1,"41":1,"43":1,"46":1,"47":1,"48":1,"49":1,"57":1,"58":1,"59":1,"60":1,"62":1,"63":1,"64":1,"66":1,"74":1,"75":1,"76":1,"77":1,"78":1,"79":1,"80":1,"82":1,"83":1,"85":1,"86":1,"87":1,"90":1,"93":1,"95":1,"96":1,"97":1,"98":1,"104":1,"105":1,"106":1,"111":1,"115":1,"116":1,"117":1,"119":1,"120":1,"121":1,"122":1,"124":1,"125":1,"126":1,"127":1,"128":1,"129":1,"131":1,"133":1,"134":1,"135":1,"137":1,"138":1,"142":1,"145":1,"147":1,"148":1,"149":1,"152":1,"153":1,"154":1,"157":1,"158":1,"164":1,"165":1,"166":1,"167":1,"169":1,"170":1,"172":1,"174":1,"176":1,"177":1},"branchMap":{"0":{"type":"branch","line":1,"loc":{"start":{"line":1,"column":0},"end":{"line":25,"column":9}},"locations":[{"start":{"line":1,"column":0},"end":{"line":25,"column":9}}]},"1":{"type":"branch","line":76,"loc":{"start":{"line":76,"column":20},"end":{"line":76,"column":49}},"locations":[{"start":{"line":76,"column":20},"end":{"line":76,"column":49}}]},"2":{"type":"branch","line":105,"loc":{"start":{"line":105,"column":14},"end":{"line":105,"column":42}},"locations":[{"start":{"line":105,"column":14},"end":{"line":105,"column":42}}]},"3":{"type":"branch","line":107,"loc":{"start":{"line":107,"column":7},"end":{"line":107,"column":24}},"locations":[{"start":{"line":107,"column":7},"end":{"line":107,"column":24}}]},"4":{"type":"branch","line":80,"loc":{"start":{"line":80,"column":20},"end":{"line":80,"column":21}},"locations":[{"start":{"line":80,"column":20},"end":{"line":80,"column":21}}]},"5":{"type":"branch","line":112,"loc":{"start":{"line":112,"column":11},"end":{"line":112,"column":45}},"locations":[{"start":{"line":112,"column":11},"end":{"line":112,"column":45}}]},"6":{"type":"branch","line":116,"loc":{"start":{"line":116,"column":62},"end":{"line":116,"column":69}},"locations":[{"start":{"line":116,"column":62},"end":{"line":116,"column":69}}]},"7":{"type":"branch","line":116,"loc":{"start":{"line":116,"column":62},"end":{"line":116,"column":69}},"locations":[{"start":{"line":116,"column":62},"end":{"line":116,"column":69}}]},"8":{"type":"branch","line":116,"loc":{"start":{"line":116,"column":62},"end":{"line":116,"column":69}},"locations":[{"start":{"line":116,"column":62},"end":{"line":116,"column":69}}]},"9":{"type":"branch","line":117,"loc":{"start":{"line":117,"column":13},"end":{"line":117,"column":27}},"locations":[{"start":{"line":117,"column":13},"end":{"line":117,"column":27}}]},"10":{"type":"branch","line":122,"loc":{"start":{"line":122,"column":6},"end":{"line":122,"column":43}},"locations":[{"start":{"line":122,"column":6},"end":{"line":122,"column":43}}]},"11":{"type":"branch","line":125,"loc":{"start":{"line":125,"column":6},"end":{"line":125,"column":12}},"locations":[{"start":{"line":125,"column":6},"end":{"line":125,"column":12}}]},"12":{"type":"branch","line":127,"loc":{"start":{"line":127,"column":12},"end":{"line":130,"column":3}},"locations":[{"start":{"line":127,"column":12},"end":{"line":130,"column":3}}]},"13":{"type":"branch","line":128,"loc":{"start":{"line":128,"column":25},"end":{"line":128,"column":31}},"locations":[{"start":{"line":128,"column":25},"end":{"line":128,"column":31}}]},"14":{"type":"branch","line":134,"loc":{"start":{"line":134,"column":33},"end":{"line":134,"column":34}},"locations":[{"start":{"line":134,"column":33},"end":{"line":134,"column":34}}]},"15":{"type":"branch","line":150,"loc":{"start":{"line":150,"column":16},"end":{"line":150,"column":21}},"locations":[{"start":{"line":150,"column":16},"end":{"line":150,"column":21}}]},"16":{"type":"branch","line":150,"loc":{"start":{"line":150,"column":20},"end":{"line":150,"column":21}},"locations":[{"start":{"line":150,"column":20},"end":{"line":150,"column":21}}]},"17":{"type":"branch","line":149,"loc":{"start":{"line":149,"column":4},"end":{"line":149,"column":9}},"locations":[{"start":{"line":149,"column":4},"end":{"line":149,"column":9}}]},"18":{"type":"branch","line":159,"loc":{"start":{"line":159,"column":6},"end":{"line":159,"column":23}},"locations":[{"start":{"line":159,"column":6},"end":{"line":159,"column":23}}]},"19":{"type":"branch","line":148,"loc":{"start":{"line":148,"column":23},"end":{"line":148,"column":24}},"locations":[{"start":{"line":148,"column":23},"end":{"line":148,"column":24}}]},"20":{"type":"branch","line":148,"loc":{"start":{"line":148,"column":23},"end":{"line":148,"column":24}},"locations":[{"start":{"line":148,"column":23},"end":{"line":148,"column":24}}]},"21":{"type":"branch","line":132,"loc":{"start":{"line":132,"column":3},"end":{"line":132,"column":70}},"locations":[{"start":{"line":132,"column":3},"end":{"line":132,"column":70}}]},"22":{"type":"branch","line":21,"loc":{"start":{"line":21,"column":10},"end":{"line":24,"column":2}},"locations":[{"start":{"line":21,"column":10},"end":{"line":24,"column":2}}]},"23":{"type":"branch","line":28,"loc":{"start":{"line":28,"column":17},"end":{"line":28,"column":46}},"locations":[{"start":{"line":28,"column":17},"end":{"line":28,"column":46}}]},"24":{"type":"branch","line":32,"loc":{"start":{"line":32,"column":11},"end":{"line":32,"column":70}},"locations":[{"start":{"line":32,"column":11},"end":{"line":32,"column":70}}]},"25":{"type":"branch","line":32,"loc":{"start":{"line":32,"column":24},"end":{"line":32,"column":63}},"locations":[{"start":{"line":32,"column":24},"end":{"line":32,"column":63}}]},"26":{"type":"branch","line":33,"loc":{"start":{"line":33,"column":14},"end":{"line":33,"column":40}},"locations":[{"start":{"line":33,"column":14},"end":{"line":33,"column":40}}]},"27":{"type":"branch","line":33,"loc":{"start":{"line":33,"column":31},"end":{"line":33,"column":40}},"locations":[{"start":{"line":33,"column":31},"end":{"line":33,"column":40}}]},"28":{"type":"branch","line":30,"loc":{"start":{"line":30,"column":7},"end":{"line":30,"column":73}},"locations":[{"start":{"line":30,"column":7},"end":{"line":30,"column":73}}]},"29":{"type":"branch","line":30,"loc":{"start":{"line":30,"column":20},"end":{"line":30,"column":59}},"locations":[{"start":{"line":30,"column":20},"end":{"line":30,"column":59}}]},"30":{"type":"branch","line":39,"loc":{"start":{"line":39,"column":9},"end":{"line":39,"column":65}},"locations":[{"start":{"line":39,"column":9},"end":{"line":39,"column":65}}]},"31":{"type":"branch","line":39,"loc":{"start":{"line":39,"column":24},"end":{"line":39,"column":65}},"locations":[{"start":{"line":39,"column":24},"end":{"line":39,"column":65}}]},"32":{"type":"branch","line":44,"loc":{"start":{"line":44,"column":8},"end":{"line":44,"column":42}},"locations":[{"start":{"line":44,"column":8},"end":{"line":44,"column":42}}]},"33":{"type":"branch","line":49,"loc":{"start":{"line":49,"column":13},"end":{"line":49,"column":28}},"locations":[{"start":{"line":49,"column":13},"end":{"line":49,"column":28}}]},"34":{"type":"branch","line":50,"loc":{"start":{"line":50,"column":16},"end":{"line":50,"column":42}},"locations":[{"start":{"line":50,"column":16},"end":{"line":50,"column":42}}]},"35":{"type":"branch","line":50,"loc":{"start":{"line":50,"column":33},"end":{"line":50,"column":42}},"locations":[{"start":{"line":50,"column":33},"end":{"line":50,"column":42}}]},"36":{"type":"branch","line":63,"loc":{"start":{"line":63,"column":20},"end":{"line":65,"column":6}},"locations":[{"start":{"line":63,"column":20},"end":{"line":65,"column":6}}]}},"b":{"0":[4],"1":[12],"2":[12],"3":[12],"4":[0],"5":[12],"6":[12],"7":[0],"8":[12],"9":[12],"10":[0],"11":[156],"12":[1],"13":[0],"14":[0],"15":[1],"16":[1],"17":[1],"18":[11],"19":[1],"20":[11],"21":[12],"22":[1],"23":[4],"24":[4],"25":[4],"26":[8],"27":[80],"28":[4],"29":[4],"30":[4],"31":[8],"32":[4],"33":[4],"34":[4],"35":[40],"36":[1]},"fnMap":{"0":{"name":"Folders","decl":{"start":{"line":1,"column":0},"end":{"line":25,"column":9}},"loc":{"start":{"line":1,"column":0},"end":{"line":25,"column":9}},"line":1},"1":{"name":"onclick","decl":{"start":{"line":127,"column":12},"end":{"line":130,"column":3}},"loc":{"start":{"line":127,"column":12},"end":{"line":130,"column":3}},"line":127},"2":{"name":"handleRenameKeyDown","decl":{"start":{"line":13,"column":10},"end":{"line":19,"column":2}},"loc":{"start":{"line":13,"column":10},"end":{"line":19,"column":2}},"line":13},"3":{"name":"focusAndSelect","decl":{"start":{"line":21,"column":10},"end":{"line":24,"column":2}},"loc":{"start":{"line":21,"column":10},"end":{"line":24,"column":2}},"line":21},"4":{"name":"onclick","decl":{"start":{"line":63,"column":20},"end":{"line":65,"column":6}},"loc":{"start":{"line":63,"column":20},"end":{"line":65,"column":6}},"line":63}},"f":{"0":4,"1":1,"2":0,"3":1,"4":1}}
,"/Users/dduraipandian/apps/mdnotes/frontend/src/lib/components/NoteItems.svelte": {"path":"/Users/dduraipandian/apps/mdnotes/frontend/src/lib/components/NoteItems.svelte","all":false,"statementMap":{"0":{"start":{"line":1,"column":0},"end":{"line":1,"column":18}},"15":{"start":{"line":16,"column":0},"end":{"line":16,"column":30}},"16":{"start":{"line":17,"column":0},"end":{"line":17,"column":77}},"17":{"start":{"line":18,"column":0},"end":{"line":18,"column":120}},"18":{"start":{"line":19,"column":0},"end":{"line":19,"column":76}},"19":{"start":{"line":20,"column":0},"end":{"line":20,"column":62}},"20":{"start":{"line":21,"column":0},"end":{"line":21,"column":78}},"21":{"start":{"line":22,"column":0},"end":{"line":22,"column":89}},"23":{"start":{"line":24,"column":0},"end":{"line":24,"column":36}},"24":{"start":{"line":25,"column":0},"end":{"line":25,"column":97}},"25":{"start":{"line":26,"column":0},"end":{"line":26,"column":2}},"27":{"start":{"line":28,"column":0},"end":{"line":28,"column":66}},"29":{"start":{"line":30,"column":0},"end":{"line":30,"column":45}},"30":{"start":{"line":31,"column":0},"end":{"line":31,"column":48}},"31":{"start":{"line":32,"column":0},"end":{"line":32,"column":37}},"32":{"start":{"line":33,"column":0},"end":{"line":33,"column":5}},"33":{"start":{"line":34,"column":0},"end":{"line":34,"column":2}},"35":{"start":{"line":36,"column":0},"end":{"line":36,"column":53}},"36":{"start":{"line":37,"column":0},"end":{"line":37,"column":56}},"37":{"start":{"line":38,"column":0},"end":{"line":38,"column":47}},"38":{"start":{"line":39,"column":0},"end":{"line":39,"column":5}},"39":{"start":{"line":40,"column":0},"end":{"line":40,"column":2}},"40":{"start":{"line":41,"column":0},"end":{"line":41,"column":9}},"42":{"start":{"line":43,"column":0},"end":{"line":43,"column":59}},"44":{"start":{"line":45,"column":0},"end":{"line":45,"column":80}},"45":{"start":{"line":46,"column":0},"end":{"line":46,"column":63}},"46":{"start":{"line":47,"column":0},"end":{"line":47,"column":75}},"47":{"start":{"line":48,"column":0},"end":{"line":48,"column":92}},"48":{"start":{"line":49,"column":0},"end":{"line":49,"column":25}},"51":{"start":{"line":52,"column":0},"end":{"line":52,"column":48}},"52":{"start":{"line":53,"column":0},"end":{"line":53,"column":22}},"53":{"start":{"line":54,"column":0},"end":{"line":54,"column":11}},"55":{"start":{"line":56,"column":0},"end":{"line":56,"column":77}},"58":{"start":{"line":59,"column":0},"end":{"line":59,"column":28}},"61":{"start":{"line":62,"column":0},"end":{"line":62,"column":30}},"62":{"start":{"line":63,"column":0},"end":{"line":63,"column":11}},"66":{"start":{"line":67,"column":0},"end":{"line":67,"column":71}},"67":{"start":{"line":68,"column":0},"end":{"line":68,"column":56}},"70":{"start":{"line":71,"column":0},"end":{"line":71,"column":25}},"76":{"start":{"line":77,"column":0},"end":{"line":77,"column":51}},"77":{"start":{"line":78,"column":0},"end":{"line":78,"column":34}},"78":{"start":{"line":79,"column":0},"end":{"line":79,"column":31}},"79":{"start":{"line":80,"column":0},"end":{"line":80,"column":11}},"82":{"start":{"line":83,"column":0},"end":{"line":83,"column":10}},"83":{"start":{"line":84,"column":0},"end":{"line":84,"column":29}},"89":{"start":{"line":90,"column":0},"end":{"line":90,"column":65}},"90":{"start":{"line":91,"column":0},"end":{"line":91,"column":37}},"91":{"start":{"line":92,"column":0},"end":{"line":92,"column":16}},"92":{"start":{"line":93,"column":0},"end":{"line":93,"column":36}},"93":{"start":{"line":94,"column":0},"end":{"line":94,"column":11}},"96":{"start":{"line":97,"column":0},"end":{"line":97,"column":14}},"99":{"start":{"line":100,"column":0},"end":{"line":100,"column":39}},"100":{"start":{"line":101,"column":0},"end":{"line":101,"column":64}},"101":{"start":{"line":102,"column":0},"end":{"line":102,"column":24}},"102":{"start":{"line":103,"column":0},"end":{"line":103,"column":28}},"103":{"start":{"line":104,"column":0},"end":{"line":104,"column":18}},"104":{"start":{"line":105,"column":0},"end":{"line":105,"column":51}},"105":{"start":{"line":106,"column":0},"end":{"line":106,"column":52}},"107":{"start":{"line":108,"column":0},"end":{"line":108,"column":23}},"108":{"start":{"line":109,"column":0},"end":{"line":109,"column":77}},"109":{"start":{"line":110,"column":0},"end":{"line":110,"column":32}},"110":{"start":{"line":111,"column":0},"end":{"line":111,"column":77}},"112":{"start":{"line":113,"column":0},"end":{"line":113,"column":82}},"113":{"start":{"line":114,"column":0},"end":{"line":114,"column":43}},"115":{"start":{"line":116,"column":0},"end":{"line":116,"column":84}},"116":{"start":{"line":117,"column":0},"end":{"line":117,"column":37}},"119":{"start":{"line":120,"column":0},"end":{"line":120,"column":28}},"120":{"start":{"line":121,"column":0},"end":{"line":121,"column":49}},"125":{"start":{"line":126,"column":0},"end":{"line":126,"column":48}},"134":{"start":{"line":135,"column":0},"end":{"line":135,"column":52}},"135":{"start":{"line":136,"column":0},"end":{"line":136,"column":35}},"136":{"start":{"line":137,"column":0},"end":{"line":137,"column":30}},"137":{"start":{"line":138,"column":0},"end":{"line":138,"column":81}},"140":{"start":{"line":141,"column":0},"end":{"line":141,"column":89}},"144":{"start":{"line":145,"column":0},"end":{"line":145,"column":20}},"146":{"start":{"line":147,"column":0},"end":{"line":147,"column":79}},"148":{"start":{"line":149,"column":0},"end":{"line":149,"column":68}},"150":{"start":{"line":151,"column":0},"end":{"line":151,"column":28}},"151":{"start":{"line":152,"column":0},"end":{"line":152,"column":20}},"153":{"start":{"line":154,"column":0},"end":{"line":154,"column":93}}},"s":{"0":4,"15":4,"16":4,"17":4,"18":4,"19":4,"20":4,"21":4,"23":4,"24":4,"25":4,"27":4,"29":4,"30":0,"31":0,"32":0,"33":0,"35":4,"36":0,"37":0,"38":0,"39":0,"40":4,"42":1,"44":1,"45":1,"46":1,"47":1,"48":1,"51":1,"52":1,"53":1,"55":1,"58":1,"61":1,"62":1,"66":1,"67":1,"70":1,"76":1,"77":1,"78":1,"79":1,"82":1,"83":1,"89":1,"90":1,"91":1,"92":1,"93":1,"96":1,"99":1,"100":1,"101":1,"102":1,"103":1,"104":1,"105":1,"107":1,"108":1,"109":1,"110":1,"112":1,"113":1,"115":1,"116":1,"119":1,"120":1,"125":1,"134":1,"135":1,"136":1,"137":1,"140":1,"144":1,"146":1,"148":1,"150":1,"151":1,"153":1},"branchMap":{"0":{"type":"branch","line":1,"loc":{"start":{"line":1,"column":0},"end":{"line":41,"column":9}},"locations":[{"start":{"line":1,"column":0},"end":{"line":41,"column":9}}]},"1":{"type":"branch","line":17,"loc":{"start":{"line":17,"column":26},"end":{"line":17,"column":77}},"locations":[{"start":{"line":17,"column":26},"end":{"line":17,"column":77}}]},"2":{"type":"branch","line":18,"loc":{"start":{"line":18,"column":25},"end":{"line":18,"column":118}},"locations":[{"start":{"line":18,"column":25},"end":{"line":18,"column":118}}]},"3":{"type":"branch","line":18,"loc":{"start":{"line":18,"column":90},"end":{"line":18,"column":118}},"locations":[{"start":{"line":18,"column":90},"end":{"line":18,"column":118}}]},"4":{"type":"branch","line":20,"loc":{"start":{"line":20,"column":20},"end":{"line":20,"column":62}},"locations":[{"start":{"line":20,"column":20},"end":{"line":20,"column":62}}]},"5":{"type":"branch","line":21,"loc":{"start":{"line":21,"column":28},"end":{"line":21,"column":78}},"locations":[{"start":{"line":21,"column":28},"end":{"line":21,"column":78}}]},"6":{"type":"branch","line":24,"loc":{"start":{"line":24,"column":10},"end":{"line":26,"column":2}},"locations":[{"start":{"line":24,"column":10},"end":{"line":26,"column":2}}]},"7":{"type":"branch","line":28,"loc":{"start":{"line":28,"column":15},"end":{"line":28,"column":66}},"locations":[{"start":{"line":28,"column":15},"end":{"line":28,"column":66}}]},"8":{"type":"branch","line":47,"loc":{"start":{"line":47,"column":41},"end":{"line":47,"column":71}},"locations":[{"start":{"line":47,"column":41},"end":{"line":47,"column":71}}]},"9":{"type":"branch","line":59,"loc":{"start":{"line":59,"column":6},"end":{"line":59,"column":28}},"locations":[{"start":{"line":59,"column":6},"end":{"line":59,"column":28}}]},"10":{"type":"branch","line":62,"loc":{"start":{"line":62,"column":29},"end":{"line":62,"column":30}},"locations":[{"start":{"line":62,"column":29},"end":{"line":62,"column":30}}]},"11":{"type":"branch","line":90,"loc":{"start":{"line":90,"column":6},"end":{"line":91,"column":23}},"locations":[{"start":{"line":90,"column":6},"end":{"line":91,"column":23}}]},"12":{"type":"branch","line":91,"loc":{"start":{"line":91,"column":29},"end":{"line":91,"column":30}},"locations":[{"start":{"line":91,"column":29},"end":{"line":91,"column":30}}]},"13":{"type":"branch","line":91,"loc":{"start":{"line":91,"column":36},"end":{"line":91,"column":37}},"locations":[{"start":{"line":91,"column":36},"end":{"line":91,"column":37}}]},"14":{"type":"branch","line":97,"loc":{"start":{"line":97,"column":8},"end":{"line":97,"column":14}},"locations":[{"start":{"line":97,"column":8},"end":{"line":97,"column":14}}]},"15":{"type":"branch","line":100,"loc":{"start":{"line":100,"column":17},"end":{"line":100,"column":37}},"locations":[{"start":{"line":100,"column":17},"end":{"line":100,"column":37}}]},"16":{"type":"branch","line":101,"loc":{"start":{"line":101,"column":24},"end":{"line":101,"column":64}},"locations":[{"start":{"line":101,"column":24},"end":{"line":101,"column":64}}]},"17":{"type":"branch","line":105,"loc":{"start":{"line":105,"column":18},"end":{"line":105,"column":50}},"locations":[{"start":{"line":105,"column":18},"end":{"line":105,"column":50}}]},"18":{"type":"branch","line":105,"loc":{"start":{"line":105,"column":28},"end":{"line":105,"column":38}},"locations":[{"start":{"line":105,"column":28},"end":{"line":105,"column":38}}]},"19":{"type":"branch","line":106,"loc":{"start":{"line":106,"column":24},"end":{"line":106,"column":52}},"locations":[{"start":{"line":106,"column":24},"end":{"line":106,"column":52}}]},"20":{"type":"branch","line":110,"loc":{"start":{"line":110,"column":31},"end":{"line":110,"column":32}},"locations":[{"start":{"line":110,"column":31},"end":{"line":110,"column":32}}]},"21":{"type":"branch","line":114,"loc":{"start":{"line":114,"column":23},"end":{"line":114,"column":42}},"locations":[{"start":{"line":114,"column":23},"end":{"line":114,"column":42}}]},"22":{"type":"branch","line":117,"loc":{"start":{"line":117,"column":13},"end":{"line":117,"column":37}},"locations":[{"start":{"line":117,"column":13},"end":{"line":117,"column":37}}]},"23":{"type":"branch","line":121,"loc":{"start":{"line":121,"column":12},"end":{"line":121,"column":49}},"locations":[{"start":{"line":121,"column":12},"end":{"line":121,"column":49}}]},"24":{"type":"branch","line":121,"loc":{"start":{"line":121,"column":24},"end":{"line":121,"column":48}},"locations":[{"start":{"line":121,"column":24},"end":{"line":121,"column":48}}]},"25":{"type":"branch","line":126,"loc":{"start":{"line":126,"column":16},"end":{"line":126,"column":48}},"locations":[{"start":{"line":126,"column":16},"end":{"line":126,"column":48}}]},"26":{"type":"branch","line":49,"loc":{"start":{"line":49,"column":5},"end":{"line":49,"column":25}},"locations":[{"start":{"line":49,"column":5},"end":{"line":49,"column":25}}]}},"b":{"0":[4],"1":[4],"2":[4],"3":[0],"4":[4],"5":[4],"6":[4],"7":[4],"8":[124],"9":[4],"10":[0],"11":[4],"12":[8],"13":[8],"14":[4],"15":[8],"16":[4],"17":[4],"18":[0],"19":[1],"20":[0],"21":[0],"22":[4],"23":[4],"24":[0],"25":[4],"26":[4]},"fnMap":{"0":{"name":"NoteItems","decl":{"start":{"line":1,"column":0},"end":{"line":41,"column":9}},"loc":{"start":{"line":1,"column":0},"end":{"line":41,"column":9}},"line":1},"1":{"name":"getTime","decl":{"start":{"line":24,"column":10},"end":{"line":26,"column":2}},"loc":{"start":{"line":24,"column":10},"end":{"line":26,"column":2}},"line":24},"2":{"name":"handleNoteRestore","decl":{"start":{"line":30,"column":10},"end":{"line":34,"column":2}},"loc":{"start":{"line":30,"column":10},"end":{"line":34,"column":2}},"line":30},"3":{"name":"handleNotePermanentDelete","decl":{"start":{"line":36,"column":10},"end":{"line":40,"column":2}},"loc":{"start":{"line":36,"column":10},"end":{"line":40,"column":2}},"line":36},"4":{"name":"__vite_ssr_import_1__.add_svelte_meta.componentTag","decl":{"start":{"line":59,"column":6},"end":{"line":59,"column":28}},"loc":{"start":{"line":59,"column":6},"end":{"line":59,"column":28}},"line":59},"5":{"name":"label","decl":{"start":{"line":91,"column":29},"end":{"line":91,"column":30}},"loc":{"start":{"line":91,"column":29},"end":{"line":91,"column":30}},"line":91},"6":{"name":"notes","decl":{"start":{"line":91,"column":36},"end":{"line":91,"column":37}},"loc":{"start":{"line":91,"column":36},"end":{"line":91,"column":37}},"line":91},"7":{"name":"onclick","decl":{"start":{"line":106,"column":24},"end":{"line":106,"column":52}},"loc":{"start":{"line":106,"column":24},"end":{"line":106,"column":52}},"line":106}},"f":{"0":4,"1":4,"2":0,"3":0,"4":4,"5":8,"6":8,"7":1}}
,"/Users/dduraipandian/apps/mdnotes/frontend/src/lib/components/ui/alert-dialog/alert-dialog-action.svelte": {"path":"/Users/dduraipandian/apps/mdnotes/frontend/src/lib/components/ui/alert-dialog/alert-dialog-action.svelte","all":true,"statementMap":{"0":{"start":{"line":1,"column":0},"end":{"line":1,"column":18}},"10":{"start":{"line":11,"column":0},"end":{"line":11,"column":24}},"12":{"start":{"line":13,"column":0},"end":{"line":13,"column":22}},"13":{"start":{"line":14,"column":0},"end":{"line":14,"column":19}},"14":{"start":{"line":15,"column":0},"end":{"line":15,"column":14}},"19":{"start":{"line":20,"column":0},"end":{"line":20,"column":9}},"21":{"start":{"line":22,"column":0},"end":{"line":22,"column":28}},"22":{"start":{"line":23,"column":0},"end":{"line":23,"column":9}},"24":{"start":{"line":25,"column":0},"end":{"line":25,"column":83}},"25":{"start":{"line":26,"column":0},"end":{"line":26,"column":15}}},"s":{"0":0,"10":0,"12":0,"13":0,"14":0,"19":0,"21":0,"22":0,"24":0,"25":0},"branchMap":{"0":{"type":"branch","line":1,"loc":{"start":{"line":1,"column":635},"end":{"line":27,"column":2}},"locations":[{"start":{"line":1,"column":635},"end":{"line":27,"column":2}}]}},"b":{"0":[0]},"fnMap":{"0":{"name":"(empty-report)","decl":{"start":{"line":1,"column":635},"end":{"line":27,"column":2}},"loc":{"start":{"line":1,"column":635},"end":{"line":27,"column":2}},"line":1}},"f":{"0":0}}
,"/Users/dduraipandian/apps/mdnotes/frontend/src/lib/components/ui/alert-dialog/alert-dialog-cancel.svelte": {"path":"/Users/dduraipandian/apps/mdnotes/frontend/src/lib/components/ui/alert-dialog/alert-dialog-cancel.svelte","all":true,"statementMap":{"0":{"start":{"line":1,"column":0},"end":{"line":1,"column":18}},"10":{"start":{"line":11,"column":0},"end":{"line":11,"column":24}},"12":{"start":{"line":13,"column":0},"end":{"line":13,"column":22}},"13":{"start":{"line":14,"column":0},"end":{"line":14,"column":19}},"14":{"start":{"line":15,"column":0},"end":{"line":15,"column":14}},"19":{"start":{"line":20,"column":0},"end":{"line":20,"column":9}},"21":{"start":{"line":22,"column":0},"end":{"line":22,"column":28}},"22":{"start":{"line":23,"column":0},"end":{"line":23,"column":9}},"24":{"start":{"line":25,"column":0},"end":{"line":25,"column":83}},"25":{"start":{"line":26,"column":0},"end":{"line":26,"column":15}}},"s":{"0":0,"10":0,"12":0,"13":0,"14":0,"19":0,"21":0,"22":0,"24":0,"25":0},"branchMap":{"0":{"type":"branch","line":1,"loc":{"start":{"line":1,"column":635},"end":{"line":27,"column":2}},"locations":[{"start":{"line":1,"column":635},"end":{"line":27,"column":2}}]}},"b":{"0":[0]},"fnMap":{"0":{"name":"(empty-report)","decl":{"start":{"line":1,"column":635},"end":{"line":27,"column":2}},"loc":{"start":{"line":1,"column":635},"end":{"line":27,"column":2}},"line":1}},"f":{"0":0}}
,"/Users/dduraipandian/apps/mdnotes/frontend/src/lib/components/ui/alert-dialog/alert-dialog-content.svelte": {"path":"/Users/dduraipandian/apps/mdnotes/frontend/src/lib/components/ui/alert-dialog/alert-dialog-content.svelte","all":true,"statementMap":{"0":{"start":{"line":1,"column":0},"end":{"line":1,"column":18}},"8":{"start":{"line":9,"column":0},"end":{"line":9,"column":24}},"10":{"start":{"line":11,"column":0},"end":{"line":11,"column":19}},"12":{"start":{"line":13,"column":0},"end":{"line":13,"column":14}},"17":{"start":{"line":18,"column":0},"end":{"line":18,"column":9}},"19":{"start":{"line":20,"column":0},"end":{"line":20,"column":36}},"20":{"start":{"line":21,"column":0},"end":{"line":21,"column":23}},"21":{"start":{"line":22,"column":0},"end":{"line":22,"column":30}},"22":{"start":{"line":23,"column":0},"end":{"line":23,"column":10}},"24":{"start":{"line":25,"column":0},"end":{"line":25,"column":18}},"25":{"start":{"line":26,"column":0},"end":{"line":26,"column":12}},"26":{"start":{"line":27,"column":0},"end":{"line":27,"column":432}},"29":{"start":{"line":30,"column":0},"end":{"line":30,"column":16}}},"s":{"0":0,"8":0,"10":0,"12":0,"17":0,"19":0,"20":0,"21":0,"22":0,"24":0,"25":0,"26":0,"29":0},"branchMap":{"0":{"type":"branch","line":1,"loc":{"start":{"line":1,"column":1299},"end":{"line":32,"column":20}},"locations":[{"start":{"line":1,"column":1299},"end":{"line":32,"column":20}}]}},"b":{"0":[0]},"fnMap":{"0":{"name":"(empty-report)","decl":{"start":{"line":1,"column":1299},"end":{"line":32,"column":20}},"loc":{"start":{"line":1,"column":1299},"end":{"line":32,"column":20}},"line":1}},"f":{"0":0}}
,"/Users/dduraipandian/apps/mdnotes/frontend/src/lib/components/ui/alert-dialog/alert-dialog-description.svelte": {"path":"/Users/dduraipandian/apps/mdnotes/frontend/src/lib/components/ui/alert-dialog/alert-dialog-description.svelte","all":true,"statementMap":{"0":{"start":{"line":1,"column":0},"end":{"line":1,"column":18}},"5":{"start":{"line":6,"column":0},"end":{"line":6,"column":24}},"7":{"start":{"line":8,"column":0},"end":{"line":8,"column":14}},"9":{"start":{"line":10,"column":0},"end":{"line":10,"column":9}},"11":{"start":{"line":12,"column":0},"end":{"line":12,"column":33}},"12":{"start":{"line":13,"column":0},"end":{"line":13,"column":9}},"14":{"start":{"line":15,"column":0},"end":{"line":15,"column":152}},"15":{"start":{"line":16,"column":0},"end":{"line":16,"column":15}}},"s":{"0":0,"5":0,"7":0,"9":0,"11":0,"12":0,"14":0,"15":0},"branchMap":{"0":{"type":"branch","line":1,"loc":{"start":{"line":1,"column":506},"end":{"line":17,"column":2}},"locations":[{"start":{"line":1,"column":506},"end":{"line":17,"column":2}}]}},"b":{"0":[0]},"fnMap":{"0":{"name":"(empty-report)","decl":{"start":{"line":1,"column":506},"end":{"line":17,"column":2}},"loc":{"start":{"line":1,"column":506},"end":{"line":17,"column":2}},"line":1}},"f":{"0":0}}
,"/Users/dduraipandian/apps/mdnotes/frontend/src/lib/components/ui/alert-dialog/alert-dialog-footer.svelte": {"path":"/Users/dduraipandian/apps/mdnotes/frontend/src/lib/components/ui/alert-dialog/alert-dialog-footer.svelte","all":true,"statementMap":{"0":{"start":{"line":1,"column":0},"end":{"line":1,"column":18}},"5":{"start":{"line":6,"column":0},"end":{"line":6,"column":24}},"8":{"start":{"line":9,"column":0},"end":{"line":9,"column":14}},"10":{"start":{"line":11,"column":0},"end":{"line":11,"column":9}},"12":{"start":{"line":13,"column":0},"end":{"line":13,"column":4}},"13":{"start":{"line":14,"column":0},"end":{"line":14,"column":16}},"15":{"start":{"line":16,"column":0},"end":{"line":16,"column":11}},"16":{"start":{"line":17,"column":0},"end":{"line":17,"column":210}},"19":{"start":{"line":20,"column":0},"end":{"line":20,"column":15}}},"s":{"0":0,"5":0,"8":0,"10":0,"12":0,"13":0,"15":0,"16":0,"19":0},"branchMap":{"0":{"type":"branch","line":1,"loc":{"start":{"line":1,"column":0},"end":{"line":23,"column":-605}},"locations":[{"start":{"line":1,"column":0},"end":{"line":23,"column":-605}}]}},"b":{"0":[0]},"fnMap":{"0":{"name":"(empty-report)","decl":{"start":{"line":1,"column":0},"end":{"line":23,"column":-605}},"loc":{"start":{"line":1,"column":0},"end":{"line":23,"column":-605}},"line":1}},"f":{"0":0}}
,"/Users/dduraipandian/apps/mdnotes/frontend/src/lib/components/ui/alert-dialog/alert-dialog-header.svelte": {"path":"/Users/dduraipandian/apps/mdnotes/frontend/src/lib/components/ui/alert-dialog/alert-dialog-header.svelte","all":true,"statementMap":{"0":{"start":{"line":1,"column":0},"end":{"line":1,"column":18}},"5":{"start":{"line":6,"column":0},"end":{"line":6,"column":24}},"8":{"start":{"line":9,"column":0},"end":{"line":9,"column":14}},"10":{"start":{"line":11,"column":0},"end":{"line":11,"column":9}},"12":{"start":{"line":13,"column":0},"end":{"line":13,"column":4}},"13":{"start":{"line":14,"column":0},"end":{"line":14,"column":16}},"15":{"start":{"line":16,"column":0},"end":{"line":16,"column":428}},"16":{"start":{"line":17,"column":0},"end":{"line":17,"column":15}}},"s":{"0":0,"5":0,"8":0,"10":0,"12":0,"13":0,"15":0,"16":0},"branchMap":{"0":{"type":"branch","line":1,"loc":{"start":{"line":1,"column":0},"end":{"line":20,"column":-654}},"locations":[{"start":{"line":1,"column":0},"end":{"line":20,"column":-654}}]}},"b":{"0":[0]},"fnMap":{"0":{"name":"(empty-report)","decl":{"start":{"line":1,"column":0},"end":{"line":20,"column":-654}},"loc":{"start":{"line":1,"column":0},"end":{"line":20,"column":-654}},"line":1}},"f":{"0":0}}
,"/Users/dduraipandian/apps/mdnotes/frontend/src/lib/components/ui/alert-dialog/alert-dialog-media.svelte": {"path":"/Users/dduraipandian/apps/mdnotes/frontend/src/lib/components/ui/alert-dialog/alert-dialog-media.svelte","all":true,"statementMap":{"0":{"start":{"line":1,"column":0},"end":{"line":1,"column":18}},"5":{"start":{"line":6,"column":0},"end":{"line":6,"column":24}},"8":{"start":{"line":9,"column":0},"end":{"line":9,"column":14}},"10":{"start":{"line":11,"column":0},"end":{"line":11,"column":9}},"12":{"start":{"line":13,"column":0},"end":{"line":13,"column":4}},"13":{"start":{"line":14,"column":0},"end":{"line":14,"column":16}},"15":{"start":{"line":16,"column":0},"end":{"line":16,"column":196}},"16":{"start":{"line":17,"column":0},"end":{"line":17,"column":15}}},"s":{"0":0,"5":0,"8":0,"10":0,"12":0,"13":0,"15":0,"16":0},"branchMap":{"0":{"type":"branch","line":1,"loc":{"start":{"line":1,"column":586},"end":{"line":20,"column":6}},"locations":[{"start":{"line":1,"column":586},"end":{"line":20,"column":6}}]}},"b":{"0":[0]},"fnMap":{"0":{"name":"(empty-report)","decl":{"start":{"line":1,"column":586},"end":{"line":20,"column":6}},"loc":{"start":{"line":1,"column":586},"end":{"line":20,"column":6}},"line":1}},"f":{"0":0}}
,"/Users/dduraipandian/apps/mdnotes/frontend/src/lib/components/ui/alert-dialog/alert-dialog-overlay.svelte": {"path":"/Users/dduraipandian/apps/mdnotes/frontend/src/lib/components/ui/alert-dialog/alert-dialog-overlay.svelte","all":true,"statementMap":{"0":{"start":{"line":1,"column":0},"end":{"line":1,"column":18}},"5":{"start":{"line":6,"column":0},"end":{"line":6,"column":24}},"7":{"start":{"line":8,"column":0},"end":{"line":8,"column":14}},"9":{"start":{"line":10,"column":0},"end":{"line":10,"column":9}},"11":{"start":{"line":12,"column":0},"end":{"line":12,"column":29}},"12":{"start":{"line":13,"column":0},"end":{"line":13,"column":9}},"14":{"start":{"line":15,"column":0},"end":{"line":15,"column":199}},"15":{"start":{"line":16,"column":0},"end":{"line":16,"column":15}}},"s":{"0":0,"5":0,"7":0,"9":0,"11":0,"12":0,"14":0,"15":0},"branchMap":{"0":{"type":"branch","line":1,"loc":{"start":{"line":1,"column":541},"end":{"line":17,"column":2}},"locations":[{"start":{"line":1,"column":541},"end":{"line":17,"column":2}}]}},"b":{"0":[0]},"fnMap":{"0":{"name":"(empty-report)","decl":{"start":{"line":1,"column":541},"end":{"line":17,"column":2}},"loc":{"start":{"line":1,"column":541},"end":{"line":17,"column":2}},"line":1}},"f":{"0":0}}
,"/Users/dduraipandian/apps/mdnotes/frontend/src/lib/components/ui/alert-dialog/alert-dialog-portal.svelte": {"path":"/Users/dduraipandian/apps/mdnotes/frontend/src/lib/components/ui/alert-dialog/alert-dialog-portal.svelte","all":true,"statementMap":{"0":{"start":{"line":1,"column":0},"end":{"line":1,"column":18}},"3":{"start":{"line":4,"column":0},"end":{"line":4,"column":67}},"4":{"start":{"line":5,"column":0},"end":{"line":5,"column":9}},"6":{"start":{"line":7,"column":0},"end":{"line":7,"column":46}}},"s":{"0":0,"3":0,"4":0,"6":0},"branchMap":{"0":{"type":"branch","line":1,"loc":{"start":{"line":1,"column":209},"end":{"line":7,"column":46}},"locations":[{"start":{"line":1,"column":209},"end":{"line":7,"column":46}}]}},"b":{"0":[0]},"fnMap":{"0":{"name":"(empty-report)","decl":{"start":{"line":1,"column":209},"end":{"line":7,"column":46}},"loc":{"start":{"line":1,"column":209},"end":{"line":7,"column":46}},"line":1}},"f":{"0":0}}
,"/Users/dduraipandian/apps/mdnotes/frontend/src/lib/components/ui/alert-dialog/alert-dialog-title.svelte": {"path":"/Users/dduraipandian/apps/mdnotes/frontend/src/lib/components/ui/alert-dialog/alert-dialog-title.svelte","all":true,"statementMap":{"0":{"start":{"line":1,"column":0},"end":{"line":1,"column":18}},"5":{"start":{"line":6,"column":0},"end":{"line":6,"column":24}},"7":{"start":{"line":8,"column":0},"end":{"line":8,"column":14}},"9":{"start":{"line":10,"column":0},"end":{"line":10,"column":9}},"11":{"start":{"line":12,"column":0},"end":{"line":12,"column":27}},"12":{"start":{"line":13,"column":0},"end":{"line":13,"column":9}},"14":{"start":{"line":15,"column":0},"end":{"line":15,"column":171}},"15":{"start":{"line":16,"column":0},"end":{"line":16,"column":15}}},"s":{"0":0,"5":0,"7":0,"9":0,"11":0,"12":0,"14":0,"15":0},"branchMap":{"0":{"type":"branch","line":1,"loc":{"start":{"line":1,"column":507},"end":{"line":17,"column":2}},"locations":[{"start":{"line":1,"column":507},"end":{"line":17,"column":2}}]}},"b":{"0":[0]},"fnMap":{"0":{"name":"(empty-report)","decl":{"start":{"line":1,"column":507},"end":{"line":17,"column":2}},"loc":{"start":{"line":1,"column":507},"end":{"line":17,"column":2}},"line":1}},"f":{"0":0}}
,"/Users/dduraipandian/apps/mdnotes/frontend/src/lib/components/ui/alert-dialog/alert-dialog-trigger.svelte": {"path":"/Users/dduraipandian/apps/mdnotes/frontend/src/lib/components/ui/alert-dialog/alert-dialog-trigger.svelte","all":true,"statementMap":{"0":{"start":{"line":1,"column":0},"end":{"line":1,"column":18}},"3":{"start":{"line":4,"column":0},"end":{"line":4,"column":91}},"4":{"start":{"line":5,"column":0},"end":{"line":5,"column":9}},"6":{"start":{"line":7,"column":0},"end":{"line":7,"column":89}}},"s":{"0":0,"3":0,"4":0,"6":0},"branchMap":{"0":{"type":"branch","line":1,"loc":{"start":{"line":1,"column":276},"end":{"line":7,"column":89}},"locations":[{"start":{"line":1,"column":276},"end":{"line":7,"column":89}}]}},"b":{"0":[0]},"fnMap":{"0":{"name":"(empty-report)","decl":{"start":{"line":1,"column":276},"end":{"line":7,"column":89}},"loc":{"start":{"line":1,"column":276},"end":{"line":7,"column":89}},"line":1}},"f":{"0":0}}
,"/Users/dduraipandian/apps/mdnotes/frontend/src/lib/components/ui/alert-dialog/alert-dialog.svelte": {"path":"/Users/dduraipandian/apps/mdnotes/frontend/src/lib/components/ui/alert-dialog/alert-dialog.svelte","all":true,"statementMap":{"0":{"start":{"line":1,"column":0},"end":{"line":1,"column":18}},"3":{"start":{"line":4,"column":0},"end":{"line":4,"column":90}},"4":{"start":{"line":5,"column":0},"end":{"line":5,"column":9}},"6":{"start":{"line":7,"column":0},"end":{"line":7,"column":54}}},"s":{"0":0,"3":0,"4":0,"6":0},"branchMap":{"0":{"type":"branch","line":1,"loc":{"start":{"line":1,"column":240},"end":{"line":7,"column":54}},"locations":[{"start":{"line":1,"column":240},"end":{"line":7,"column":54}}]}},"b":{"0":[0]},"fnMap":{"0":{"name":"(empty-report)","decl":{"start":{"line":1,"column":240},"end":{"line":7,"column":54}},"loc":{"start":{"line":1,"column":240},"end":{"line":7,"column":54}},"line":1}},"f":{"0":0}}
,"/Users/dduraipandian/apps/mdnotes/frontend/src/lib/components/ui/alert-dialog/index.ts": {"path":"/Users/dduraipandian/apps/mdnotes/frontend/src/lib/components/ui/alert-dialog/index.ts","all":true,"statementMap":{"0":{"start":{"line":1,"column":0},"end":{"line":1,"column":41}},"1":{"start":{"line":2,"column":0},"end":{"line":2,"column":50}},"2":{"start":{"line":3,"column":0},"end":{"line":3,"column":52}},"3":{"start":{"line":4,"column":0},"end":{"line":4,"column":48}},"4":{"start":{"line":5,"column":0},"end":{"line":5,"column":50}},"5":{"start":{"line":6,"column":0},"end":{"line":6,"column":50}},"6":{"start":{"line":7,"column":0},"end":{"line":7,"column":50}},"7":{"start":{"line":8,"column":0},"end":{"line":8,"column":50}},"8":{"start":{"line":9,"column":0},"end":{"line":9,"column":52}},"9":{"start":{"line":10,"column":0},"end":{"line":10,"column":52}},"10":{"start":{"line":11,"column":0},"end":{"line":11,"column":60}},"11":{"start":{"line":12,"column":0},"end":{"line":12,"column":48}}},"s":{"0":0,"1":0,"2":0,"3":0,"4":0,"5":0,"6":0,"7":0,"8":0,"9":0,"10":0,"11":0},"branchMap":{"0":{"type":"branch","line":1,"loc":{"start":{"line":1,"column":0},"end":{"line":40,"column":-707}},"locations":[{"start":{"line":1,"column":0},"end":{"line":40,"column":-707}}]}},"b":{"0":[0]},"fnMap":{"0":{"name":"(empty-report)","decl":{"start":{"line":1,"column":0},"end":{"line":40,"column":-707}},"loc":{"start":{"line":1,"column":0},"end":{"line":40,"column":-707}},"line":1}},"f":{"0":0}}
,"/Users/dduraipandian/apps/mdnotes/frontend/src/lib/components/ui/button/button.svelte": {"path":"/Users/dduraipandian/apps/mdnotes/frontend/src/lib/components/ui/button/button.svelte","all":false,"statementMap":{"0":{"start":{"line":1,"column":0},"end":{"line":1,"column":25}},"5":{"start":{"line":6,"column":0},"end":{"line":6,"column":35}},"6":{"start":{"line":7,"column":0},"end":{"line":7,"column":613}},"7":{"start":{"line":8,"column":0},"end":{"line":8,"column":13}},"8":{"start":{"line":9,"column":0},"end":{"line":9,"column":13}},"9":{"start":{"line":10,"column":0},"end":{"line":10,"column":74}},"10":{"start":{"line":11,"column":0},"end":{"line":11,"column":191}},"11":{"start":{"line":12,"column":0},"end":{"line":12,"column":145}},"12":{"start":{"line":13,"column":0},"end":{"line":13,"column":126}},"13":{"start":{"line":14,"column":0},"end":{"line":14,"column":239}},"14":{"start":{"line":15,"column":0},"end":{"line":15,"column":60}},"16":{"start":{"line":17,"column":0},"end":{"line":17,"column":10}},"17":{"start":{"line":18,"column":0},"end":{"line":18,"column":100}},"18":{"start":{"line":19,"column":0},"end":{"line":19,"column":216}},"19":{"start":{"line":20,"column":0},"end":{"line":20,"column":226}},"20":{"start":{"line":21,"column":0},"end":{"line":21,"column":95}},"21":{"start":{"line":22,"column":0},"end":{"line":22,"column":19}},"22":{"start":{"line":23,"column":0},"end":{"line":23,"column":137}},"23":{"start":{"line":24,"column":0},"end":{"line":24,"column":100}},"24":{"start":{"line":25,"column":0},"end":{"line":25,"column":24}},"27":{"start":{"line":28,"column":0},"end":{"line":28,"column":20}},"28":{"start":{"line":29,"column":0},"end":{"line":29,"column":22}},"29":{"start":{"line":30,"column":0},"end":{"line":30,"column":19}},"43":{"start":{"line":44,"column":0},"end":{"line":44,"column":18}},"46":{"start":{"line":47,"column":0},"end":{"line":47,"column":22}},"47":{"start":{"line":48,"column":0},"end":{"line":48,"column":19}},"48":{"start":{"line":49,"column":0},"end":{"line":49,"column":24}},"49":{"start":{"line":50,"column":0},"end":{"line":50,"column":19}},"50":{"start":{"line":51,"column":0},"end":{"line":51,"column":18}},"53":{"start":{"line":54,"column":0},"end":{"line":54,"column":14}},"55":{"start":{"line":56,"column":0},"end":{"line":56,"column":9}},"57":{"start":{"line":58,"column":0},"end":{"line":58,"column":10}},"58":{"start":{"line":59,"column":0},"end":{"line":59,"column":3}},"59":{"start":{"line":60,"column":0},"end":{"line":60,"column":17}},"61":{"start":{"line":62,"column":0},"end":{"line":62,"column":58}},"62":{"start":{"line":63,"column":0},"end":{"line":63,"column":36}},"64":{"start":{"line":65,"column":0},"end":{"line":65,"column":38}},"65":{"start":{"line":66,"column":0},"end":{"line":66,"column":38}},"66":{"start":{"line":67,"column":0},"end":{"line":67,"column":16}},"71":{"start":{"line":72,"column":0},"end":{"line":72,"column":8}},"72":{"start":{"line":73,"column":0},"end":{"line":73,"column":17}},"74":{"start":{"line":75,"column":0},"end":{"line":75,"column":58}},"75":{"start":{"line":76,"column":0},"end":{"line":76,"column":8}},"77":{"start":{"line":78,"column":0},"end":{"line":78,"column":16}}},"s":{"0":1,"5":1,"6":1,"7":1,"8":1,"9":1,"10":1,"11":1,"12":1,"13":1,"14":1,"16":1,"17":1,"18":1,"19":1,"20":1,"21":1,"22":1,"23":1,"24":1,"27":1,"28":1,"29":1,"43":0,"46":0,"47":0,"48":0,"49":0,"50":0,"53":0,"55":0,"57":1,"58":1,"59":1,"61":1,"62":1,"64":1,"65":1,"66":1,"71":1,"72":1,"74":1,"75":1,"77":1},"branchMap":{},"b":{},"fnMap":{"0":{"name":"Button","decl":{"start":{"line":44,"column":0},"end":{"line":56,"column":9}},"loc":{"start":{"line":44,"column":0},"end":{"line":56,"column":9}},"line":44}},"f":{"0":0}}
,"/Users/dduraipandian/apps/mdnotes/frontend/src/lib/components/ui/button/index.ts": {"path":"/Users/dduraipandian/apps/mdnotes/frontend/src/lib/components/ui/button/index.ts","all":false,"statementMap":{"0":{"start":{"line":1,"column":0},"end":{"line":1,"column":14}}},"s":{"0":1},"branchMap":{},"b":{},"fnMap":{},"f":{}}
,"/Users/dduraipandian/apps/mdnotes/frontend/src/lib/components/ui/collapsible/collapsible-content.svelte": {"path":"/Users/dduraipandian/apps/mdnotes/frontend/src/lib/components/ui/collapsible/collapsible-content.svelte","all":false,"statementMap":{"0":{"start":{"line":1,"column":0},"end":{"line":1,"column":18}},"5":{"start":{"line":6,"column":0},"end":{"line":6,"column":24}},"7":{"start":{"line":8,"column":0},"end":{"line":8,"column":14}},"9":{"start":{"line":10,"column":0},"end":{"line":10,"column":9}},"11":{"start":{"line":12,"column":0},"end":{"line":12,"column":97}},"12":{"start":{"line":13,"column":0},"end":{"line":13,"column":34}},"13":{"start":{"line":14,"column":0},"end":{"line":14,"column":12}},"14":{"start":{"line":15,"column":0},"end":{"line":15,"column":56}}},"s":{"0":0,"5":0,"7":0,"9":0,"11":1,"12":1,"13":1,"14":1},"branchMap":{},"b":{},"fnMap":{"0":{"name":"Collapsible_content","decl":{"start":{"line":1,"column":0},"end":{"line":10,"column":9}},"loc":{"start":{"line":1,"column":0},"end":{"line":10,"column":9}},"line":1}},"f":{"0":0}}
,"/Users/dduraipandian/apps/mdnotes/frontend/src/lib/components/ui/collapsible/collapsible-trigger.svelte": {"path":"/Users/dduraipandian/apps/mdnotes/frontend/src/lib/components/ui/collapsible/collapsible-trigger.svelte","all":false,"statementMap":{"0":{"start":{"line":1,"column":0},"end":{"line":1,"column":18}},"3":{"start":{"line":4,"column":0},"end":{"line":4,"column":91}},"4":{"start":{"line":5,"column":0},"end":{"line":5,"column":9}},"6":{"start":{"line":7,"column":0},"end":{"line":7,"column":88}}},"s":{"0":0,"3":0,"4":0,"6":1},"branchMap":{},"b":{},"fnMap":{"0":{"name":"Collapsible_trigger","decl":{"start":{"line":1,"column":0},"end":{"line":5,"column":9}},"loc":{"start":{"line":1,"column":0},"end":{"line":5,"column":9}},"line":1}},"f":{"0":0}}
,"/Users/dduraipandian/apps/mdnotes/frontend/src/lib/components/ui/collapsible/collapsible.svelte": {"path":"/Users/dduraipandian/apps/mdnotes/frontend/src/lib/components/ui/collapsible/collapsible.svelte","all":false,"statementMap":{"0":{"start":{"line":1,"column":0},"end":{"line":1,"column":18}},"4":{"start":{"line":5,"column":0},"end":{"line":5,"column":24}},"5":{"start":{"line":6,"column":0},"end":{"line":6,"column":26}},"6":{"start":{"line":7,"column":0},"end":{"line":7,"column":14}},"8":{"start":{"line":9,"column":0},"end":{"line":9,"column":9}},"10":{"start":{"line":11,"column":0},"end":{"line":11,"column":87}}},"s":{"0":0,"4":0,"5":0,"6":0,"8":0,"10":1},"branchMap":{},"b":{},"fnMap":{"0":{"name":"Collapsible","decl":{"start":{"line":1,"column":0},"end":{"line":9,"column":9}},"loc":{"start":{"line":1,"column":0},"end":{"line":9,"column":9}},"line":1}},"f":{"0":0}}
,"/Users/dduraipandian/apps/mdnotes/frontend/src/lib/components/ui/collapsible/index.ts": {"path":"/Users/dduraipandian/apps/mdnotes/frontend/src/lib/components/ui/collapsible/index.ts","all":false,"statementMap":{"0":{"start":{"line":1,"column":0},"end":{"line":1,"column":40}},"1":{"start":{"line":2,"column":0},"end":{"line":2,"column":51}},"2":{"start":{"line":3,"column":0},"end":{"line":3,"column":51}}},"s":{"0":1,"1":1,"2":1},"branchMap":{},"b":{},"fnMap":{},"f":{}}
,"/Users/dduraipandian/apps/mdnotes/frontend/src/lib/components/ui/context-menu/context-menu-checkbox-item.svelte": {"path":"/Users/dduraipandian/apps/mdnotes/frontend/src/lib/components/ui/context-menu/context-menu-checkbox-item.svelte","all":false,"statementMap":{"0":{"start":{"line":1,"column":0},"end":{"line":1,"column":18}},"7":{"start":{"line":8,"column":0},"end":{"line":8,"column":24}},"8":{"start":{"line":9,"column":0},"end":{"line":9,"column":29}},"9":{"start":{"line":10,"column":0},"end":{"line":10,"column":35}},"13":{"start":{"line":14,"column":0},"end":{"line":14,"column":14}},"18":{"start":{"line":19,"column":0},"end":{"line":19,"column":9}},"20":{"start":{"line":21,"column":0},"end":{"line":21,"column":34}},"21":{"start":{"line":22,"column":0},"end":{"line":22,"column":9}},"22":{"start":{"line":23,"column":0},"end":{"line":23,"column":13}},"23":{"start":{"line":24,"column":0},"end":{"line":24,"column":19}},"26":{"start":{"line":27,"column":0},"end":{"line":27,"column":11}},"27":{"start":{"line":28,"column":0},"end":{"line":28,"column":319}},"30":{"start":{"line":31,"column":0},"end":{"line":31,"column":15}},"32":{"start":{"line":33,"column":0},"end":{"line":33,"column":33}},"33":{"start":{"line":34,"column":0},"end":{"line":34,"column":53}},"34":{"start":{"line":35,"column":0},"end":{"line":35,"column":16}},"35":{"start":{"line":36,"column":0},"end":{"line":36,"column":18}}},"s":{"0":0,"7":0,"8":0,"9":0,"13":0,"18":0,"20":1,"21":1,"22":1,"23":1,"26":1,"27":1,"30":1,"32":1,"33":1,"34":1,"35":1},"branchMap":{},"b":{},"fnMap":{"0":{"name":"Context_menu_checkbox_item","decl":{"start":{"line":1,"column":0},"end":{"line":19,"column":9}},"loc":{"start":{"line":1,"column":0},"end":{"line":19,"column":9}},"line":1}},"f":{"0":0}}
,"/Users/dduraipandian/apps/mdnotes/frontend/src/lib/components/ui/context-menu/context-menu-content.svelte": {"path":"/Users/dduraipandian/apps/mdnotes/frontend/src/lib/components/ui/context-menu/context-menu-content.svelte","all":false,"statementMap":{"0":{"start":{"line":1,"column":0},"end":{"line":1,"column":18}},"8":{"start":{"line":9,"column":0},"end":{"line":9,"column":24}},"11":{"start":{"line":12,"column":0},"end":{"line":12,"column":14}},"15":{"start":{"line":16,"column":0},"end":{"line":16,"column":9}},"17":{"start":{"line":18,"column":0},"end":{"line":18,"column":36}},"18":{"start":{"line":19,"column":0},"end":{"line":19,"column":30}},"19":{"start":{"line":20,"column":0},"end":{"line":20,"column":10}},"21":{"start":{"line":22,"column":0},"end":{"line":22,"column":12}},"22":{"start":{"line":23,"column":0},"end":{"line":23,"column":454}},"25":{"start":{"line":26,"column":0},"end":{"line":26,"column":16}}},"s":{"0":16,"8":16,"11":16,"15":16,"17":1,"18":1,"19":1,"21":1,"22":16,"25":1},"branchMap":{"0":{"type":"branch","line":1,"loc":{"start":{"line":1,"column":0},"end":{"line":16,"column":9}},"locations":[{"start":{"line":1,"column":0},"end":{"line":16,"column":9}}]},"1":{"type":"branch","line":18,"loc":{"start":{"line":18,"column":18},"end":{"line":18,"column":36}},"locations":[{"start":{"line":18,"column":18},"end":{"line":18,"column":36}}]},"2":{"type":"branch","line":22,"loc":{"start":{"line":22,"column":9},"end":{"line":23,"column":454}},"locations":[{"start":{"line":22,"column":9},"end":{"line":23,"column":454}}]},"3":{"type":"branch","line":26,"loc":{"start":{"line":26,"column":6},"end":{"line":26,"column":15}},"locations":[{"start":{"line":26,"column":6},"end":{"line":26,"column":15}}]}},"b":{"0":[16],"1":[96],"2":[16],"3":[464]},"fnMap":{"0":{"name":"Context_menu_content","decl":{"start":{"line":1,"column":0},"end":{"line":16,"column":9}},"loc":{"start":{"line":1,"column":0},"end":{"line":16,"column":9}},"line":1}},"f":{"0":16}}
,"/Users/dduraipandian/apps/mdnotes/frontend/src/lib/components/ui/context-menu/context-menu-group-heading.svelte": {"path":"/Users/dduraipandian/apps/mdnotes/frontend/src/lib/components/ui/context-menu/context-menu-group-heading.svelte","all":false,"statementMap":{"0":{"start":{"line":1,"column":0},"end":{"line":1,"column":18}},"5":{"start":{"line":6,"column":0},"end":{"line":6,"column":24}},"8":{"start":{"line":9,"column":0},"end":{"line":9,"column":14}},"12":{"start":{"line":13,"column":0},"end":{"line":13,"column":9}},"14":{"start":{"line":15,"column":0},"end":{"line":15,"column":34}},"15":{"start":{"line":16,"column":0},"end":{"line":16,"column":9}},"18":{"start":{"line":19,"column":0},"end":{"line":19,"column":89}},"19":{"start":{"line":20,"column":0},"end":{"line":20,"column":15}}},"s":{"0":0,"5":0,"8":0,"12":0,"14":1,"15":1,"18":1,"19":1},"branchMap":{},"b":{},"fnMap":{"0":{"name":"Context_menu_group_heading","decl":{"start":{"line":1,"column":0},"end":{"line":13,"column":9}},"loc":{"start":{"line":1,"column":0},"end":{"line":13,"column":9}},"line":1}},"f":{"0":0}}
,"/Users/dduraipandian/apps/mdnotes/frontend/src/lib/components/ui/context-menu/context-menu-group.svelte": {"path":"/Users/dduraipandian/apps/mdnotes/frontend/src/lib/components/ui/context-menu/context-menu-group.svelte","all":false,"statementMap":{"0":{"start":{"line":1,"column":0},"end":{"line":1,"column":18}},"3":{"start":{"line":4,"column":0},"end":{"line":4,"column":89}},"4":{"start":{"line":5,"column":0},"end":{"line":5,"column":9}},"6":{"start":{"line":7,"column":0},"end":{"line":7,"column":85}}},"s":{"0":0,"3":0,"4":0,"6":1},"branchMap":{},"b":{},"fnMap":{"0":{"name":"Context_menu_group","decl":{"start":{"line":1,"column":0},"end":{"line":5,"column":9}},"loc":{"start":{"line":1,"column":0},"end":{"line":5,"column":9}},"line":1}},"f":{"0":0}}
,"/Users/dduraipandian/apps/mdnotes/frontend/src/lib/components/ui/context-menu/context-menu-item.svelte": {"path":"/Users/dduraipandian/apps/mdnotes/frontend/src/lib/components/ui/context-menu/context-menu-item.svelte","all":false,"statementMap":{"0":{"start":{"line":1,"column":0},"end":{"line":1,"column":18}},"5":{"start":{"line":6,"column":0},"end":{"line":6,"column":24}},"8":{"start":{"line":9,"column":0},"end":{"line":9,"column":22}},"9":{"start":{"line":10,"column":0},"end":{"line":10,"column":14}},"14":{"start":{"line":15,"column":0},"end":{"line":15,"column":9}},"16":{"start":{"line":17,"column":0},"end":{"line":17,"column":26}},"17":{"start":{"line":18,"column":0},"end":{"line":18,"column":9}},"20":{"start":{"line":21,"column":0},"end":{"line":21,"column":23}},"21":{"start":{"line":22,"column":0},"end":{"line":22,"column":11}},"22":{"start":{"line":23,"column":0},"end":{"line":23,"column":628}},"25":{"start":{"line":26,"column":0},"end":{"line":26,"column":15}}},"s":{"0":0,"5":0,"8":0,"9":0,"14":0,"16":1,"17":1,"20":1,"21":1,"22":1,"25":1},"branchMap":{},"b":{},"fnMap":{"0":{"name":"Context_menu_item","decl":{"start":{"line":1,"column":0},"end":{"line":15,"column":9}},"loc":{"start":{"line":1,"column":0},"end":{"line":15,"column":9}},"line":1}},"f":{"0":0}}
,"/Users/dduraipandian/apps/mdnotes/frontend/src/lib/components/ui/context-menu/context-menu-label.svelte": {"path":"/Users/dduraipandian/apps/mdnotes/frontend/src/lib/components/ui/context-menu/context-menu-label.svelte","all":false,"statementMap":{"0":{"start":{"line":1,"column":0},"end":{"line":1,"column":18}},"5":{"start":{"line":6,"column":0},"end":{"line":6,"column":24}},"9":{"start":{"line":10,"column":0},"end":{"line":10,"column":14}},"13":{"start":{"line":14,"column":0},"end":{"line":14,"column":9}},"15":{"start":{"line":16,"column":0},"end":{"line":16,"column":4}},"16":{"start":{"line":17,"column":0},"end":{"line":17,"column":16}},"19":{"start":{"line":20,"column":0},"end":{"line":20,"column":111}},"20":{"start":{"line":21,"column":0},"end":{"line":21,"column":15}}},"s":{"0":0,"5":0,"9":0,"13":0,"15":1,"16":1,"19":1,"20":1},"branchMap":{},"b":{},"fnMap":{"0":{"name":"Context_menu_label","decl":{"start":{"line":1,"column":0},"end":{"line":14,"column":9}},"loc":{"start":{"line":1,"column":0},"end":{"line":14,"column":9}},"line":1}},"f":{"0":0}}
,"/Users/dduraipandian/apps/mdnotes/frontend/src/lib/components/ui/context-menu/context-menu-portal.svelte": {"path":"/Users/dduraipandian/apps/mdnotes/frontend/src/lib/components/ui/context-menu/context-menu-portal.svelte","all":false,"statementMap":{"0":{"start":{"line":1,"column":0},"end":{"line":1,"column":18}},"3":{"start":{"line":4,"column":0},"end":{"line":4,"column":67}},"4":{"start":{"line":5,"column":0},"end":{"line":5,"column":9}},"6":{"start":{"line":7,"column":0},"end":{"line":7,"column":46}}},"s":{"0":16,"3":16,"4":16,"6":1},"branchMap":{"0":{"type":"branch","line":1,"loc":{"start":{"line":1,"column":0},"end":{"line":5,"column":9}},"locations":[{"start":{"line":1,"column":0},"end":{"line":5,"column":9}}]},"1":{"type":"branch","line":7,"loc":{"start":{"line":7,"column":28},"end":{"line":7,"column":42}},"locations":[{"start":{"line":7,"column":28},"end":{"line":7,"column":42}}]}},"b":{"0":[16],"1":[96]},"fnMap":{"0":{"name":"Context_menu_portal","decl":{"start":{"line":1,"column":0},"end":{"line":5,"column":9}},"loc":{"start":{"line":1,"column":0},"end":{"line":5,"column":9}},"line":1}},"f":{"0":16}}
,"/Users/dduraipandian/apps/mdnotes/frontend/src/lib/components/ui/context-menu/context-menu-radio-group.svelte": {"path":"/Users/dduraipandian/apps/mdnotes/frontend/src/lib/components/ui/context-menu/context-menu-radio-group.svelte","all":false,"statementMap":{"0":{"start":{"line":1,"column":0},"end":{"line":1,"column":18}},"4":{"start":{"line":5,"column":0},"end":{"line":5,"column":24}},"5":{"start":{"line":6,"column":0},"end":{"line":6,"column":24}},"6":{"start":{"line":7,"column":0},"end":{"line":7,"column":14}},"8":{"start":{"line":9,"column":0},"end":{"line":9,"column":9}},"10":{"start":{"line":11,"column":0},"end":{"line":11,"column":32}},"11":{"start":{"line":12,"column":0},"end":{"line":12,"column":9}},"12":{"start":{"line":13,"column":0},"end":{"line":13,"column":11}},"14":{"start":{"line":15,"column":0},"end":{"line":15,"column":15}}},"s":{"0":0,"4":0,"5":0,"6":0,"8":0,"10":1,"11":1,"12":1,"14":1},"branchMap":{},"b":{},"fnMap":{"0":{"name":"Context_menu_radio_group","decl":{"start":{"line":1,"column":0},"end":{"line":9,"column":9}},"loc":{"start":{"line":1,"column":0},"end":{"line":9,"column":9}},"line":1}},"f":{"0":0}}
,"/Users/dduraipandian/apps/mdnotes/frontend/src/lib/components/ui/context-menu/context-menu-radio-item.svelte": {"path":"/Users/dduraipandian/apps/mdnotes/frontend/src/lib/components/ui/context-menu/context-menu-radio-item.svelte","all":false,"statementMap":{"0":{"start":{"line":1,"column":0},"end":{"line":1,"column":18}},"6":{"start":{"line":7,"column":0},"end":{"line":7,"column":24}},"10":{"start":{"line":11,"column":0},"end":{"line":11,"column":14}},"14":{"start":{"line":15,"column":0},"end":{"line":15,"column":9}},"16":{"start":{"line":17,"column":0},"end":{"line":17,"column":31}},"17":{"start":{"line":18,"column":0},"end":{"line":18,"column":9}},"20":{"start":{"line":21,"column":0},"end":{"line":21,"column":11}},"21":{"start":{"line":22,"column":0},"end":{"line":22,"column":319}},"24":{"start":{"line":25,"column":0},"end":{"line":25,"column":15}},"26":{"start":{"line":27,"column":0},"end":{"line":27,"column":33}},"27":{"start":{"line":28,"column":0},"end":{"line":28,"column":53}},"28":{"start":{"line":29,"column":0},"end":{"line":29,"column":16}},"29":{"start":{"line":30,"column":0},"end":{"line":30,"column":18}},"32":{"start":{"line":33,"column":0},"end":{"line":33,"column":39}}},"s":{"0":0,"6":0,"10":0,"14":0,"16":1,"17":1,"20":1,"21":1,"24":1,"26":1,"27":1,"28":1,"29":1,"32":1},"branchMap":{},"b":{},"fnMap":{"0":{"name":"Context_menu_radio_item","decl":{"start":{"line":1,"column":0},"end":{"line":15,"column":9}},"loc":{"start":{"line":1,"column":0},"end":{"line":15,"column":9}},"line":1}},"f":{"0":0}}
,"/Users/dduraipandian/apps/mdnotes/frontend/src/lib/components/ui/context-menu/context-menu-separator.svelte": {"path":"/Users/dduraipandian/apps/mdnotes/frontend/src/lib/components/ui/context-menu/context-menu-separator.svelte","all":false,"statementMap":{"0":{"start":{"line":1,"column":0},"end":{"line":1,"column":18}},"5":{"start":{"line":6,"column":0},"end":{"line":6,"column":24}},"7":{"start":{"line":8,"column":0},"end":{"line":8,"column":14}},"9":{"start":{"line":10,"column":0},"end":{"line":10,"column":9}},"11":{"start":{"line":12,"column":0},"end":{"line":12,"column":31}},"12":{"start":{"line":13,"column":0},"end":{"line":13,"column":9}},"14":{"start":{"line":15,"column":0},"end":{"line":15,"column":51}},"15":{"start":{"line":16,"column":0},"end":{"line":16,"column":15}}},"s":{"0":0,"5":0,"7":0,"9":0,"11":1,"12":1,"14":1,"15":1},"branchMap":{},"b":{},"fnMap":{"0":{"name":"Context_menu_separator","decl":{"start":{"line":1,"column":0},"end":{"line":10,"column":9}},"loc":{"start":{"line":1,"column":0},"end":{"line":10,"column":9}},"line":1}},"f":{"0":0}}
,"/Users/dduraipandian/apps/mdnotes/frontend/src/lib/components/ui/context-menu/context-menu-shortcut.svelte": {"path":"/Users/dduraipandian/apps/mdnotes/frontend/src/lib/components/ui/context-menu/context-menu-shortcut.svelte","all":false,"statementMap":{"0":{"start":{"line":1,"column":0},"end":{"line":1,"column":18}},"5":{"start":{"line":6,"column":0},"end":{"line":6,"column":24}},"8":{"start":{"line":9,"column":0},"end":{"line":9,"column":14}},"10":{"start":{"line":11,"column":0},"end":{"line":11,"column":9}},"12":{"start":{"line":13,"column":0},"end":{"line":13,"column":5}},"13":{"start":{"line":14,"column":0},"end":{"line":14,"column":16}},"15":{"start":{"line":16,"column":0},"end":{"line":16,"column":132}},"16":{"start":{"line":17,"column":0},"end":{"line":17,"column":15}}},"s":{"0":0,"5":0,"8":0,"10":0,"12":1,"13":1,"15":1,"16":1},"branchMap":{},"b":{},"fnMap":{"0":{"name":"Context_menu_shortcut","decl":{"start":{"line":1,"column":0},"end":{"line":11,"column":9}},"loc":{"start":{"line":1,"column":0},"end":{"line":11,"column":9}},"line":1}},"f":{"0":0}}
,"/Users/dduraipandian/apps/mdnotes/frontend/src/lib/components/ui/context-menu/context-menu-sub-content.svelte": {"path":"/Users/dduraipandian/apps/mdnotes/frontend/src/lib/components/ui/context-menu/context-menu-sub-content.svelte","all":false,"statementMap":{"0":{"start":{"line":1,"column":0},"end":{"line":1,"column":18}},"5":{"start":{"line":6,"column":0},"end":{"line":6,"column":24}},"7":{"start":{"line":8,"column":0},"end":{"line":8,"column":14}},"9":{"start":{"line":10,"column":0},"end":{"line":10,"column":9}},"11":{"start":{"line":12,"column":0},"end":{"line":12,"column":32}},"12":{"start":{"line":13,"column":0},"end":{"line":13,"column":9}},"14":{"start":{"line":15,"column":0},"end":{"line":15,"column":403}},"15":{"start":{"line":16,"column":0},"end":{"line":16,"column":15}}},"s":{"0":0,"5":0,"7":0,"9":0,"11":1,"12":1,"14":1,"15":1},"branchMap":{},"b":{},"fnMap":{"0":{"name":"Context_menu_sub_content","decl":{"start":{"line":1,"column":0},"end":{"line":10,"column":9}},"loc":{"start":{"line":1,"column":0},"end":{"line":10,"column":9}},"line":1}},"f":{"0":0}}
[...]
,"line":127,"loc":{"start":{"line":127,"column":9},"end":{"line":160,"column":2}},"locations":[{"start":{"line":127,"column":9},"end":{"line":160,"column":2}}]},"13":{"type":"branch","line":133,"loc":{"start":{"line":133,"column":52},"end":{"line":133,"column":80}},"locations":[{"start":{"line":133,"column":52},"end":{"line":133,"column":80}}]},"14":{"type":"branch","line":135,"loc":{"start":{"line":135,"column":43},"end":{"line":135,"column":93}},"locations":[{"start":{"line":135,"column":43},"end":{"line":135,"column":93}}]},"15":{"type":"branch","line":136,"loc":{"start":{"line":136,"column":35},"end":{"line":139,"column":3}},"locations":[{"start":{"line":136,"column":35},"end":{"line":139,"column":3}}]},"16":{"type":"branch","line":138,"loc":{"start":{"line":138,"column":18},"end":{"line":138,"column":66}},"locations":[{"start":{"line":138,"column":18},"end":{"line":138,"column":66}}]},"17":{"type":"branch","line":154,"loc":{"start":{"line":154,"column":5},"end":{"line":154,"column":46}},"locations":[{"start":{"line":154,"column":5},"end":{"line":154,"column":46}}]},"18":{"type":"branch","line":155,"loc":{"start":{"line":155,"column":5},"end":{"line":155,"column":51}},"locations":[{"start":{"line":155,"column":5},"end":{"line":155,"column":51}}]},"19":{"type":"branch","line":156,"loc":{"start":{"line":156,"column":5},"end":{"line":156,"column":85}},"locations":[{"start":{"line":156,"column":5},"end":{"line":156,"column":85}}]},"20":{"type":"branch","line":162,"loc":{"start":{"line":162,"column":9},"end":{"line":232,"column":2}},"locations":[{"start":{"line":162,"column":9},"end":{"line":232,"column":2}}]},"21":{"type":"branch","line":166,"loc":{"start":{"line":166,"column":20},"end":{"line":180,"column":3}},"locations":[{"start":{"line":166,"column":20},"end":{"line":180,"column":3}}]},"22":{"type":"branch","line":180,"loc":{"start":{"line":180,"column":2},"end":{"line":182,"column":23}},"locations":[{"start":{"line":180,"column":2},"end":{"line":182,"column":23}}]},"23":{"type":"branch","line":182,"loc":{"start":{"line":182,"column":23},"end":{"line":190,"column":3}},"locations":[{"start":{"line":182,"column":23},"end":{"line":190,"column":3}}]},"24":{"type":"branch","line":190,"loc":{"start":{"line":190,"column":2},"end":{"line":192,"column":25}},"locations":[{"start":{"line":190,"column":2},"end":{"line":192,"column":25}}]},"25":{"type":"branch","line":192,"loc":{"start":{"line":192,"column":25},"end":{"line":199,"column":3}},"locations":[{"start":{"line":192,"column":25},"end":{"line":199,"column":3}}]},"26":{"type":"branch","line":199,"loc":{"start":{"line":199,"column":2},"end":{"line":201,"column":21}},"locations":[{"start":{"line":199,"column":2},"end":{"line":201,"column":21}}]},"27":{"type":"branch","line":201,"loc":{"start":{"line":201,"column":21},"end":{"line":208,"column":3}},"locations":[{"start":{"line":201,"column":21},"end":{"line":208,"column":3}}]},"28":{"type":"branch","line":203,"loc":{"start":{"line":203,"column":16},"end":{"line":203,"column":55}},"locations":[{"start":{"line":203,"column":16},"end":{"line":203,"column":55}}]},"29":{"type":"branch","line":203,"loc":{"start":{"line":203,"column":29},"end":{"line":203,"column":74}},"locations":[{"start":{"line":203,"column":29},"end":{"line":203,"column":74}}]},"30":{"type":"branch","line":208,"loc":{"start":{"line":208,"column":2},"end":{"line":210,"column":19}},"locations":[{"start":{"line":208,"column":2},"end":{"line":210,"column":19}}]},"31":{"type":"branch","line":210,"loc":{"start":{"line":210,"column":19},"end":{"line":217,"column":3}},"locations":[{"start":{"line":210,"column":19},"end":{"line":217,"column":3}}]},"32":{"type":"branch","line":217,"loc":{"start":{"line":217,"column":2},"end":{"line":219,"column":19}},"locations":[{"start":{"line":217,"column":2},"end":{"line":219,"column":19}}]},"33":{"type":"branch","line":219,"loc":{"start":{"line":219,"column":19},"end":{"line":229,"column":3}},"locations":[{"start":{"line":219,"column":19},"end":{"line":229,"column":3}}]},"34":{"type":"branch","line":229,"loc":{"start":{"line":229,"column":2},"end":{"line":232,"column":2}},"locations":[{"start":{"line":229,"column":2},"end":{"line":232,"column":2}}]},"35":{"type":"branch","line":185,"loc":{"start":{"line":185,"column":4},"end":{"line":185,"column":44}},"locations":[{"start":{"line":185,"column":4},"end":{"line":185,"column":44}}]},"36":{"type":"branch","line":225,"loc":{"start":{"line":225,"column":4},"end":{"line":225,"column":53}},"locations":[{"start":{"line":225,"column":4},"end":{"line":225,"column":53}}]}},"b":{"0":[30],"1":[30],"2":[31],"3":[0],"4":[93],"5":[93],"6":[62],"7":[18],"8":[18],"9":[0],"10":[15],"11":[27],"12":[89],"13":[0],"14":[81],"15":[13],"16":[7],"17":[12],"18":[12],"19":[12],"20":[89],"21":[6],"22":[83],"23":[18],"24":[65],"25":[43],"26":[65],"27":[21],"28":[3],"29":[18],"30":[65],"31":[21],"32":[65],"33":[21],"34":[65],"35":[1],"36":[1]},"fnMap":{"0":{"name":"folderCreate","decl":{"start":{"line":78,"column":1},"end":{"line":78,"column":44}},"loc":{"start":{"line":78,"column":1},"end":{"line":78,"column":44}},"line":78},"1":{"name":"folderStartRename","decl":{"start":{"line":79,"column":1},"end":{"line":79,"column":58}},"loc":{"start":{"line":79,"column":1},"end":{"line":79,"column":58}},"line":79},"2":{"name":"folderDelete","decl":{"start":{"line":80,"column":1},"end":{"line":82,"column":27}},"loc":{"start":{"line":80,"column":1},"end":{"line":82,"column":27}},"line":80},"3":{"name":"folderSetFavorite","decl":{"start":{"line":84,"column":1},"end":{"line":84,"column":72}},"loc":{"start":{"line":84,"column":1},"end":{"line":84,"column":72}},"line":84},"4":{"name":"trashRecover","decl":{"start":{"line":85,"column":1},"end":{"line":85,"column":54}},"loc":{"start":{"line":85,"column":1},"end":{"line":85,"column":54}},"line":85},"5":{"name":"trashPermanentDelete","decl":{"start":{"line":86,"column":1},"end":{"line":87,"column":94}},"loc":{"start":{"line":86,"column":1},"end":{"line":87,"column":94}},"line":86},"6":{"name":"trashEmpty","decl":{"start":{"line":88,"column":1},"end":{"line":88,"column":77}},"loc":{"start":{"line":88,"column":1},"end":{"line":88,"column":77}},"line":88},"7":{"name":"<instance_members_initializer>","decl":{"start":{"line":91,"column":13},"end":{"line":233,"column":1}},"loc":{"start":{"line":91,"column":13},"end":{"line":233,"column":1}},"line":91},"8":{"name":"FolderSidebarView","decl":{"start":{"line":92,"column":1},"end":{"line":98,"column":5}},"loc":{"start":{"line":92,"column":1},"end":{"line":98,"column":5}},"line":92},"9":{"name":"getSections","decl":{"start":{"line":123,"column":1},"end":{"line":125,"column":2}},"loc":{"start":{"line":123,"column":1},"end":{"line":125,"column":2}},"line":123},"10":{"name":"buildSource","decl":{"start":{"line":127,"column":9},"end":{"line":160,"column":2}},"loc":{"start":{"line":127,"column":9},"end":{"line":160,"column":2}},"line":127},"11":{"name":"buildContextMenuItems","decl":{"start":{"line":162,"column":9},"end":{"line":232,"column":2}},"loc":{"start":{"line":162,"column":9},"end":{"line":232,"column":2}},"line":162},"12":{"name":"action","decl":{"start":{"line":169,"column":4},"end":{"line":169,"column":53}},"loc":{"start":{"line":169,"column":4},"end":{"line":169,"column":53}},"line":169},"13":{"name":"action","decl":{"start":{"line":175,"column":4},"end":{"line":175,"column":73}},"loc":{"start":{"line":175,"column":4},"end":{"line":175,"column":73}},"line":175},"14":{"name":"action","decl":{"start":{"line":185,"column":4},"end":{"line":185,"column":44}},"loc":{"start":{"line":185,"column":4},"end":{"line":185,"column":44}},"line":185},"15":{"name":"action","decl":{"start":{"line":195,"column":4},"end":{"line":195,"column":46}},"loc":{"start":{"line":195,"column":4},"end":{"line":195,"column":46}},"line":195},"16":{"name":"action","decl":{"start":{"line":204,"column":4},"end":{"line":204,"column":84}},"loc":{"start":{"line":204,"column":4},"end":{"line":204,"column":84}},"line":204},"17":{"name":"action","decl":{"start":{"line":213,"column":4},"end":{"line":213,"column":58}},"loc":{"start":{"line":213,"column":4},"end":{"line":213,"column":58}},"line":213},"18":{"name":"action","decl":{"start":{"line":225,"column":4},"end":{"line":225,"column":53}},"loc":{"start":{"line":225,"column":4},"end":{"line":225,"column":53}},"line":225}},"f":{"0":0,"1":0,"2":0,"3":0,"4":0,"5":0,"6":0,"7":30,"8":30,"9":27,"10":89,"11":89,"12":0,"13":0,"14":1,"15":0,"16":0,"17":0,"18":1}}
,"/Users/dduraipandian/apps/mdnotes/frontend/src/lib/views/noteListView.svelte.ts": {"path":"/Users/dduraipandian/apps/mdnotes/frontend/src/lib/views/noteListView.svelte.ts","all":false,"statementMap":{"0":{"start":{"line":1,"column":0},"end":{"line":1,"column":46}},"7":{"start":{"line":8,"column":0},"end":{"line":8,"column":27}},"8":{"start":{"line":9,"column":0},"end":{"line":9,"column":13}},"9":{"start":{"line":10,"column":0},"end":{"line":10,"column":41}},"10":{"start":{"line":11,"column":0},"end":{"line":11,"column":38}},"11":{"start":{"line":12,"column":0},"end":{"line":12,"column":49}},"12":{"start":{"line":13,"column":0},"end":{"line":13,"column":45}},"13":{"start":{"line":14,"column":0},"end":{"line":14,"column":45}},"14":{"start":{"line":15,"column":0},"end":{"line":15,"column":5}},"16":{"start":{"line":17,"column":0},"end":{"line":17,"column":27}},"17":{"start":{"line":18,"column":0},"end":{"line":18,"column":62}},"18":{"start":{"line":19,"column":0},"end":{"line":19,"column":2}},"20":{"start":{"line":21,"column":0},"end":{"line":21,"column":39}},"21":{"start":{"line":22,"column":0},"end":{"line":22,"column":52}},"22":{"start":{"line":23,"column":0},"end":{"line":23,"column":51}},"23":{"start":{"line":24,"column":0},"end":{"line":24,"column":2}},"25":{"start":{"line":26,"column":0},"end":{"line":26,"column":18}},"26":{"start":{"line":27,"column":0},"end":{"line":27,"column":60}},"27":{"start":{"line":28,"column":0},"end":{"line":28,"column":82}},"28":{"start":{"line":29,"column":0},"end":{"line":29,"column":64}},"29":{"start":{"line":30,"column":0},"end":{"line":30,"column":2}},"31":{"start":{"line":32,"column":0},"end":{"line":32,"column":26}},"32":{"start":{"line":33,"column":0},"end":{"line":33,"column":82}},"33":{"start":{"line":34,"column":0},"end":{"line":34,"column":2}},"35":{"start":{"line":36,"column":0},"end":{"line":36,"column":33}},"36":{"start":{"line":37,"column":0},"end":{"line":37,"column":96}},"37":{"start":{"line":38,"column":0},"end":{"line":38,"column":15}},"38":{"start":{"line":39,"column":0},"end":{"line":39,"column":3}},"41":{"start":{"line":42,"column":0},"end":{"line":42,"column":33}},"42":{"start":{"line":43,"column":0},"end":{"line":43,"column":39}},"44":{"start":{"line":45,"column":0},"end":{"line":45,"column":2}},"46":{"start":{"line":47,"column":0},"end":{"line":47,"column":33}},"47":{"start":{"line":48,"column":0},"end":{"line":48,"column":46}},"48":{"start":{"line":49,"column":0},"end":{"line":49,"column":2}},"50":{"start":{"line":51,"column":0},"end":{"line":51,"column":26}},"51":{"start":{"line":52,"column":0},"end":{"line":52,"column":56}},"52":{"start":{"line":53,"column":0},"end":{"line":53,"column":2}},"54":{"start":{"line":55,"column":0},"end":{"line":55,"column":40}},"55":{"start":{"line":56,"column":0},"end":{"line":56,"column":59}},"56":{"start":{"line":57,"column":0},"end":{"line":57,"column":60}},"57":{"start":{"line":58,"column":0},"end":{"line":58,"column":58}},"58":{"start":{"line":59,"column":0},"end":{"line":59,"column":43}},"59":{"start":{"line":60,"column":0},"end":{"line":60,"column":26}},"62":{"start":{"line":63,"column":0},"end":{"line":63,"column":44}},"64":{"start":{"line":65,"column":0},"end":{"line":65,"column":29}},"65":{"start":{"line":66,"column":0},"end":{"line":66,"column":12}},"66":{"start":{"line":67,"column":0},"end":{"line":67,"column":57}},"67":{"start":{"line":68,"column":0},"end":{"line":68,"column":56}},"69":{"start":{"line":70,"column":0},"end":{"line":70,"column":2}},"71":{"start":{"line":72,"column":0},"end":{"line":72,"column":35}},"72":{"start":{"line":73,"column":0},"end":{"line":73,"column":62}},"73":{"start":{"line":74,"column":0},"end":{"line":74,"column":2}},"75":{"start":{"line":76,"column":0},"end":{"line":76,"column":43}},"76":{"start":{"line":77,"column":0},"end":{"line":77,"column":24}},"77":{"start":{"line":78,"column":0},"end":{"line":78,"column":56}},"78":{"start":{"line":79,"column":0},"end":{"line":79,"column":3}},"80":{"start":{"line":81,"column":0},"end":{"line":81,"column":64}},"81":{"start":{"line":82,"column":0},"end":{"line":82,"column":71}},"84":{"start":{"line":85,"column":0},"end":{"line":85,"column":25}},"85":{"start":{"line":86,"column":0},"end":{"line":86,"column":57}},"87":{"start":{"line":88,"column":0},"end":{"line":88,"column":2}},"88":{"start":{"line":89,"column":0},"end":{"line":89,"column":1}},"90":{"start":{"line":91,"column":0},"end":{"line":91,"column":47}}},"s":{"0":1,"7":1,"8":1,"9":11,"10":11,"11":11,"12":11,"13":11,"14":11,"16":1,"17":1,"18":1,"20":1,"21":4,"22":4,"23":4,"25":1,"26":5,"27":5,"28":2,"29":2,"31":1,"32":5,"33":5,"35":1,"36":1,"37":0,"38":0,"41":1,"42":1,"44":1,"46":1,"47":6,"48":6,"50":1,"51":0,"52":0,"54":1,"55":2,"56":2,"57":2,"58":2,"59":2,"62":2,"64":1,"65":2,"66":2,"67":1,"69":1,"71":1,"72":1,"73":1,"75":1,"76":2,"77":0,"78":0,"80":2,"81":2,"84":2,"85":2,"87":2,"88":1,"90":1},"branchMap":{"0":{"type":"branch","line":9,"loc":{"start":{"line":9,"column":1},"end":{"line":15,"column":5}},"locations":[{"start":{"line":9,"column":1},"end":{"line":15,"column":5}}]},"1":{"type":"branch","line":17,"loc":{"start":{"line":17,"column":1},"end":{"line":19,"column":2}},"locations":[{"start":{"line":17,"column":1},"end":{"line":19,"column":2}}]},"2":{"type":"branch","line":18,"loc":{"start":{"line":18,"column":45},"end":{"line":18,"column":62}},"locations":[{"start":{"line":18,"column":45},"end":{"line":18,"column":62}}]},"3":{"type":"branch","line":21,"loc":{"start":{"line":21,"column":1},"end":{"line":24,"column":2}},"locations":[{"start":{"line":21,"column":1},"end":{"line":24,"column":2}}]},"4":{"type":"branch","line":23,"loc":{"start":{"line":23,"column":9},"end":{"line":23,"column":41}},"locations":[{"start":{"line":23,"column":9},"end":{"line":23,"column":41}}]},"5":{"type":"branch","line":26,"loc":{"start":{"line":26,"column":1},"end":{"line":30,"column":2}},"locations":[{"start":{"line":26,"column":1},"end":{"line":30,"column":2}}]},"6":{"type":"branch","line":28,"loc":{"start":{"line":28,"column":7},"end":{"line":28,"column":82}},"locations":[{"start":{"line":28,"column":7},"end":{"line":28,"column":82}}]},"7":{"type":"branch","line":28,"loc":{"start":{"line":28,"column":30},"end":{"line":30,"column":2}},"locations":[{"start":{"line":28,"column":30},"end":{"line":30,"column":2}}]},"8":{"type":"branch","line":32,"loc":{"start":{"line":32,"column":1},"end":{"line":34,"column":2}},"locations":[{"start":{"line":32,"column":1},"end":{"line":34,"column":2}}]},"9":{"type":"branch","line":33,"loc":{"start":{"line":33,"column":23},"end":{"line":33,"column":82}},"locations":[{"start":{"line":33,"column":23},"end":{"line":33,"column":82}}]},"10":{"type":"branch","line":36,"loc":{"start":{"line":36,"column":1},"end":{"line":45,"column":2}},"locations":[{"start":{"line":36,"column":1},"end":{"line":45,"column":2}}]},"11":{"type":"branch","line":37,"loc":{"start":{"line":37,"column":95},"end":{"line":39,"column":3}},"locations":[{"start":{"line":37,"column":95},"end":{"line":39,"column":3}}]},"12":{"type":"branch","line":47,"loc":{"start":{"line":47,"column":1},"end":{"line":49,"column":2}},"locations":[{"start":{"line":47,"column":1},"end":{"line":49,"column":2}}]},"13":{"type":"branch","line":55,"loc":{"start":{"line":55,"column":1},"end":{"line":70,"column":2}},"locations":[{"start":{"line":55,"column":1},"end":{"line":70,"column":2}}]},"14":{"type":"branch","line":59,"loc":{"start":{"line":59,"column":18},"end":{"line":59,"column":43}},"locations":[{"start":{"line":59,"column":18},"end":{"line":59,"column":43}}]},"15":{"type":"branch","line":60,"loc":{"start":{"line":60,"column":3},"end":{"line":60,"column":26}},"locations":[{"start":{"line":60,"column":3},"end":{"line":60,"column":26}}]},"16":{"type":"branch","line":63,"loc":{"start":{"line":63,"column":7},"end":{"line":70,"column":2}},"locations":[{"start":{"line":63,"column":7},"end":{"line":70,"column":2}}]},"17":{"type":"branch","line":65,"loc":{"start":{"line":65,"column":22},"end":{"line":68,"column":56}},"locations":[{"start":{"line":65,"column":22},"end":{"line":68,"column":56}}]},"18":{"type":"branch","line":67,"loc":{"start":{"line":67,"column":53},"end":{"line":68,"column":56}},"locations":[{"start":{"line":67,"column":53},"end":{"line":68,"column":56}}]},"19":{"type":"branch","line":72,"loc":{"start":{"line":72,"column":1},"end":{"line":74,"column":2}},"locations":[{"start":{"line":72,"column":1},"end":{"line":74,"column":2}}]},"20":{"type":"branch","line":76,"loc":{"start":{"line":76,"column":1},"end":{"line":88,"column":2}},"locations":[{"start":{"line":76,"column":1},"end":{"line":88,"column":2}}]},"21":{"type":"branch","line":77,"loc":{"start":{"line":77,"column":23},"end":{"line":79,"column":3}},"locations":[{"start":{"line":77,"column":23},"end":{"line":79,"column":3}}]},"22":{"type":"branch","line":86,"loc":{"start":{"line":86,"column":15},"end":{"line":86,"column":39}},"locations":[{"start":{"line":86,"column":15},"end":{"line":86,"column":39}}]},"23":{"type":"branch","line":86,"loc":{"start":{"line":86,"column":30},"end":{"line":86,"column":57}},"locations":[{"start":{"line":86,"column":30},"end":{"line":86,"column":57}}]}},"b":{"0":[11],"1":[1],"2":[0],"3":[4],"4":[0],"5":[5],"6":[3],"7":[2],"8":[5],"9":[1],"10":[1],"11":[0],"12":[6],"13":[2],"14":[0],"15":[0],"16":[1],"17":[2],"18":[1],"19":[1],"20":[2],"21":[0],"22":[1],"23":[1]},"fnMap":{"0":{"name":"NoteListView","decl":{"start":{"line":9,"column":1},"end":{"line":15,"column":5}},"loc":{"start":{"line":9,"column":1},"end":{"line":15,"column":5}},"line":9},"1":{"name":"getSelectedFolderTitle","decl":{"start":{"line":17,"column":1},"end":{"line":19,"column":2}},"loc":{"start":{"line":17,"column":1},"end":{"line":19,"column":2}},"line":17},"2":{"name":"getSelectedFolderProfileId","decl":{"start":{"line":21,"column":1},"end":{"line":24,"column":2}},"loc":{"start":{"line":21,"column":1},"end":{"line":24,"column":2}},"line":21},"3":{"name":"canCreateNote","decl":{"start":{"line":26,"column":1},"end":{"line":30,"column":2}},"loc":{"start":{"line":26,"column":1},"end":{"line":30,"column":2}},"line":26},"4":{"name":"canDeleteSelectedNote","decl":{"start":{"line":32,"column":1},"end":{"line":34,"column":2}},"loc":{"start":{"line":32,"column":1},"end":{"line":34,"column":2}},"line":32},"5":{"name":"getSelectedNoteDeleteContext","decl":{"start":{"line":36,"column":1},"end":{"line":45,"column":2}},"loc":{"start":{"line":36,"column":1},"end":{"line":45,"column":2}},"line":36},"6":{"name":"isSelectedNote","decl":{"start":{"line":47,"column":1},"end":{"line":49,"column":2}},"loc":{"start":{"line":47,"column":1},"end":{"line":49,"column":2}},"line":47},"7":{"name":"getCreateNoteFolderId","decl":{"start":{"line":51,"column":1},"end":{"line":53,"column":2}},"loc":{"start":{"line":51,"column":1},"end":{"line":53,"column":2}},"line":51},"8":{"name":"getFilteredNotes","decl":{"start":{"line":55,"column":1},"end":{"line":70,"column":2}},"loc":{"start":{"line":55,"column":1},"end":{"line":70,"column":2}},"line":55},"9":{"name":"getSections","decl":{"start":{"line":72,"column":1},"end":{"line":74,"column":2}},"loc":{"start":{"line":72,"column":1},"end":{"line":74,"column":2}},"line":72},"10":{"name":"getRestoreContext","decl":{"start":{"line":76,"column":1},"end":{"line":88,"column":2}},"loc":{"start":{"line":76,"column":1},"end":{"line":88,"column":2}},"line":76}},"f":{"0":11,"1":1,"2":4,"3":5,"4":5,"5":1,"6":6,"7":0,"8":2,"9":1,"10":2}}
}
